This is pdfTeX, Version 3.141592653-2.6-1.40.24 (TeX Live 2022) (preloaded format=pdflatex 2022.10.2)  21 OCT 2022 20:03
entering extended mode
 restricted \write18 enabled.
 %&-line parsing enabled.
**AIhomework.tex
(./AIhomework.tex
LaTeX2e <2022-06-01> patch level 5
L3 programming layer <2022-09-28> (./IEEEtran.cls
Document Class: IEEEtran 2015/08/26 V1.8b by Michael Shell
-- See the "IEEEtran_HOWTO" manual for usage information.
-- http://www.michaelshell.org/tex/ieeetran/
\@IEEEtrantmpdimenA=\dimen138
\@IEEEtrantmpdimenB=\dimen139
\@IEEEtrantmpdimenC=\dimen140
\@IEEEtrantmpcountA=\count185
\@IEEEtrantmpcountB=\count186
\@IEEEtrantmpcountC=\count187
\@IEEEtrantmptoksA=\toks16
LaTeX Font Info:    Trying to load font information for OT1+ptm on input line 5
03.
(c:/Programs/texlive/2022/texmf-dist/tex/latex/psnfss/ot1ptm.fd
File: ot1ptm.fd 2001/06/04 font definitions for OT1/ptm.
)
-- Using 8.5in x 11in (letter) paper.
-- Using PDF output.
\@IEEEnormalsizeunitybaselineskip=\dimen141
-- This is a 10 point document.
\CLASSINFOnormalsizebaselineskip=\dimen142
\CLASSINFOnormalsizeunitybaselineskip=\dimen143
\IEEEnormaljot=\dimen144
LaTeX Font Info:    Font shape `OT1/ptm/bx/n' in size <5> not available
(Font)              Font shape `OT1/ptm/b/n' tried instead on input line 1090.
LaTeX Font Info:    Font shape `OT1/ptm/bx/it' in size <5> not available
(Font)              Font shape `OT1/ptm/b/it' tried instead on input line 1090.

LaTeX Font Info:    Font shape `OT1/ptm/bx/n' in size <7> not available
(Font)              Font shape `OT1/ptm/b/n' tried instead on input line 1090.
LaTeX Font Info:    Font shape `OT1/ptm/bx/it' in size <7> not available
(Font)              Font shape `OT1/ptm/b/it' tried instead on input line 1090.

LaTeX Font Info:    Font shape `OT1/ptm/bx/n' in size <8> not available
(Font)              Font shape `OT1/ptm/b/n' tried instead on input line 1090.
LaTeX Font Info:    Font shape `OT1/ptm/bx/it' in size <8> not available
(Font)              Font shape `OT1/ptm/b/it' tried instead on input line 1090.

LaTeX Font Info:    Font shape `OT1/ptm/bx/n' in size <9> not available
(Font)              Font shape `OT1/ptm/b/n' tried instead on input line 1090.
LaTeX Font Info:    Font shape `OT1/ptm/bx/it' in size <9> not available
(Font)              Font shape `OT1/ptm/b/it' tried instead on input line 1090.

LaTeX Font Info:    Font shape `OT1/ptm/bx/n' in size <10> not available
(Font)              Font shape `OT1/ptm/b/n' tried instead on input line 1090.
LaTeX Font Info:    Font shape `OT1/ptm/bx/it' in size <10> not available
(Font)              Font shape `OT1/ptm/b/it' tried instead on input line 1090.

LaTeX Font Info:    Font shape `OT1/ptm/bx/n' in size <11> not available
(Font)              Font shape `OT1/ptm/b/n' tried instead on input line 1090.
LaTeX Font Info:    Font shape `OT1/ptm/bx/it' in size <11> not available
(Font)              Font shape `OT1/ptm/b/it' tried instead on input line 1090.

LaTeX Font Info:    Font shape `OT1/ptm/bx/n' in size <12> not available
(Font)              Font shape `OT1/ptm/b/n' tried instead on input line 1090.
LaTeX Font Info:    Font shape `OT1/ptm/bx/it' in size <12> not available
(Font)              Font shape `OT1/ptm/b/it' tried instead on input line 1090.

LaTeX Font Info:    Font shape `OT1/ptm/bx/n' in size <17> not available
(Font)              Font shape `OT1/ptm/b/n' tried instead on input line 1090.
LaTeX Font Info:    Font shape `OT1/ptm/bx/it' in size <17> not available
(Font)              Font shape `OT1/ptm/b/it' tried instead on input line 1090.

LaTeX Font Info:    Font shape `OT1/ptm/bx/n' in size <20> not available
(Font)              Font shape `OT1/ptm/b/n' tried instead on input line 1090.
LaTeX Font Info:    Font shape `OT1/ptm/bx/it' in size <20> not available
(Font)              Font shape `OT1/ptm/b/it' tried instead on input line 1090.

LaTeX Font Info:    Font shape `OT1/ptm/bx/n' in size <24> not available
(Font)              Font shape `OT1/ptm/b/n' tried instead on input line 1090.
LaTeX Font Info:    Font shape `OT1/ptm/bx/it' in size <24> not available
(Font)              Font shape `OT1/ptm/b/it' tried instead on input line 1090.

\IEEEquantizedlength=\dimen145
\IEEEquantizedlengthdiff=\dimen146
\IEEEquantizedtextheightdiff=\dimen147
\IEEEilabelindentA=\dimen148
\IEEEilabelindentB=\dimen149
\IEEEilabelindent=\dimen150
\IEEEelabelindent=\dimen151
\IEEEdlabelindent=\dimen152
\IEEElabelindent=\dimen153
\IEEEiednormlabelsep=\dimen154
\IEEEiedmathlabelsep=\dimen155
\IEEEiedtopsep=\skip47
\c@section=\count188
\c@subsection=\count189
\c@subsubsection=\count190
\c@paragraph=\count191
\c@IEEEsubequation=\count192
\abovecaptionskip=\skip48
\belowcaptionskip=\skip49
\c@figure=\count193
\c@table=\count194
\@IEEEeqnnumcols=\count195
\@IEEEeqncolcnt=\count196
\@IEEEsubeqnnumrollback=\count197
\@IEEEquantizeheightA=\dimen156
\@IEEEquantizeheightB=\dimen157
\@IEEEquantizeheightC=\dimen158
\@IEEEquantizeprevdepth=\dimen159
\@IEEEquantizemultiple=\count198
\@IEEEquantizeboxA=\box51
\@IEEEtmpitemindent=\dimen160
\IEEEPARstartletwidth=\dimen161
\c@IEEEbiography=\count199
\@IEEEtranrubishbin=\box52
) (c:/Programs/texlive/2022/texmf-dist/tex/latex/cite/cite.sty
LaTeX Info: Redefining \cite on input line 302.
LaTeX Info: Redefining \nocite on input line 332.
Package: cite 2015/02/27  v 5.5
)
(c:/Programs/texlive/2022/texmf-dist/tex/latex/amsmath/amsmath.sty
Package: amsmath 2022/04/08 v2.17n AMS math features
\@mathmargin=\skip50

For additional information on amsmath, use the `?' option.
(c:/Programs/texlive/2022/texmf-dist/tex/latex/amsmath/amstext.sty
Package: amstext 2021/08/26 v2.01 AMS text

(c:/Programs/texlive/2022/texmf-dist/tex/latex/amsmath/amsgen.sty
File: amsgen.sty 1999/11/30 v2.0 generic functions
\@emptytoks=\toks17
\ex@=\dimen162
))
(c:/Programs/texlive/2022/texmf-dist/tex/latex/amsmath/amsbsy.sty
Package: amsbsy 1999/11/29 v1.2d Bold Symbols
\pmbraise@=\dimen163
)
(c:/Programs/texlive/2022/texmf-dist/tex/latex/amsmath/amsopn.sty
Package: amsopn 2022/04/08 v2.04 operator names
)
\inf@bad=\count266
LaTeX Info: Redefining \frac on input line 234.
\uproot@=\count267
\leftroot@=\count268
LaTeX Info: Redefining \overline on input line 399.
LaTeX Info: Redefining \colon on input line 410.
\classnum@=\count269
\DOTSCASE@=\count270
LaTeX Info: Redefining \ldots on input line 496.
LaTeX Info: Redefining \dots on input line 499.
LaTeX Info: Redefining \cdots on input line 620.
\Mathstrutbox@=\box53
\strutbox@=\box54
LaTeX Info: Redefining \big on input line 722.
LaTeX Info: Redefining \Big on input line 723.
LaTeX Info: Redefining \bigg on input line 724.
LaTeX Info: Redefining \Bigg on input line 725.
\big@size=\dimen164
LaTeX Font Info:    Redeclaring font encoding OML on input line 743.
LaTeX Font Info:    Redeclaring font encoding OMS on input line 744.
\macc@depth=\count271
LaTeX Info: Redefining \bmod on input line 905.
LaTeX Info: Redefining \pmod on input line 910.
LaTeX Info: Redefining \smash on input line 940.
LaTeX Info: Redefining \relbar on input line 970.
LaTeX Info: Redefining \Relbar on input line 971.
\c@MaxMatrixCols=\count272
\dotsspace@=\muskip16
\c@parentequation=\count273
\dspbrk@lvl=\count274
\tag@help=\toks18
\row@=\count275
\column@=\count276
\maxfields@=\count277
\andhelp@=\toks19
\eqnshift@=\dimen165
\alignsep@=\dimen166
\tagshift@=\dimen167
\tagwidth@=\dimen168
\totwidth@=\dimen169
\lineht@=\dimen170
\@envbody=\toks20
\multlinegap=\skip51
\multlinetaggap=\skip52
\mathdisplay@stack=\toks21
LaTeX Info: Redefining \[ on input line 2953.
LaTeX Info: Redefining \] on input line 2954.
)
(c:/Programs/texlive/2022/texmf-dist/tex/latex/amsfonts/amssymb.sty
Package: amssymb 2013/01/14 v3.01 AMS font symbols

(c:/Programs/texlive/2022/texmf-dist/tex/latex/amsfonts/amsfonts.sty
Package: amsfonts 2013/01/14 v3.01 Basic AMSFonts support
\symAMSa=\mathgroup4
\symAMSb=\mathgroup5
LaTeX Font Info:    Redeclaring math symbol \hbar on input line 98.
LaTeX Font Info:    Overwriting math alphabet `\mathfrak' in version `bold'
(Font)                  U/euf/m/n --> U/euf/b/n on input line 106.
))
(c:/Programs/texlive/2022/texmf-dist/tex/latex/algorithms/algorithmic.sty
Package: algorithmic 2009/08/24 v0.1 Document Style `algorithmic'

(c:/Programs/texlive/2022/texmf-dist/tex/latex/base/ifthen.sty
Package: ifthen 2022/04/13 v1.1d Standard LaTeX ifthen package (DPC)
)
(c:/Programs/texlive/2022/texmf-dist/tex/latex/graphics/keyval.sty
Package: keyval 2022/05/29 v1.15 key=value parser (DPC)
\KV@toks@=\toks22
)
\c@ALC@unique=\count278
\c@ALC@line=\count279
\c@ALC@rem=\count280
\c@ALC@depth=\count281
\ALC@tlm=\skip53
\algorithmicindent=\skip54
)
(c:/Programs/texlive/2022/texmf-dist/tex/latex/graphics/graphicx.sty
Package: graphicx 2021/09/16 v1.2d Enhanced LaTeX Graphics (DPC,SPQR)

(c:/Programs/texlive/2022/texmf-dist/tex/latex/graphics/graphics.sty
Package: graphics 2022/03/10 v1.4e Standard LaTeX Graphics (DPC,SPQR)

(c:/Programs/texlive/2022/texmf-dist/tex/latex/graphics/trig.sty
Package: trig 2021/08/11 v1.11 sin cos tan (DPC)
)
(c:/Programs/texlive/2022/texmf-dist/tex/latex/graphics-cfg/graphics.cfg
File: graphics.cfg 2016/06/04 v1.11 sample graphics configuration
)
Package graphics Info: Driver file: pdftex.def on input line 107.

(c:/Programs/texlive/2022/texmf-dist/tex/latex/graphics-def/pdftex.def
File: pdftex.def 2022/09/22 v1.2b Graphics/color driver for pdftex
\stockwidth=\dimen171
\stockheight=\dimen172
))
\Gin@req@height=\dimen173
\Gin@req@width=\dimen174
)
(c:/Programs/texlive/2022/texmf-dist/tex/latex/base/textcomp.sty
Package: textcomp 2020/02/02 v2.0n Standard LaTeX package
)
(c:/Programs/texlive/2022/texmf-dist/tex/latex/xcolor/xcolor.sty
Package: xcolor 2022/06/12 v2.14 LaTeX color extensions (UK)

(c:/Programs/texlive/2022/texmf-dist/tex/latex/graphics-cfg/color.cfg
File: color.cfg 2016/01/02 v1.6 sample color configuration
)
Package xcolor Info: Driver file: pdftex.def on input line 227.

(c:/Programs/texlive/2022/texmf-dist/tex/latex/graphics/mathcolor.ltx)
Package xcolor Info: Model `cmy' substituted by `cmy0' on input line 1353.
Package xcolor Info: Model `hsb' substituted by `rgb' on input line 1357.
Package xcolor Info: Model `RGB' extended on input line 1369.
Package xcolor Info: Model `HTML' substituted by `rgb' on input line 1371.
Package xcolor Info: Model `Hsb' substituted by `hsb' on input line 1372.
Package xcolor Info: Model `tHsb' substituted by `hsb' on input line 1373.
Package xcolor Info: Model `HSB' substituted by `hsb' on input line 1374.
Package xcolor Info: Model `Gray' substituted by `gray' on input line 1375.
Package xcolor Info: Model `wave' substituted by `hsb' on input line 1376.
)
(c:/Programs/texlive/2022/texmf-dist/tex/latex/hyperref/hyperref.sty
Package: hyperref 2022-09-22 v7.00t Hypertext links for LaTeX

(c:/Programs/texlive/2022/texmf-dist/tex/generic/ltxcmds/ltxcmds.sty
Package: ltxcmds 2020-05-10 v1.25 LaTeX kernel commands for general use (HO)
)
(c:/Programs/texlive/2022/texmf-dist/tex/generic/iftex/iftex.sty
Package: iftex 2022/02/03 v1.0f TeX engine tests
)
(c:/Programs/texlive/2022/texmf-dist/tex/generic/pdftexcmds/pdftexcmds.sty
Package: pdftexcmds 2020-06-27 v0.33 Utility functions of pdfTeX for LuaTeX (HO
)

(c:/Programs/texlive/2022/texmf-dist/tex/generic/infwarerr/infwarerr.sty
Package: infwarerr 2019/12/03 v1.5 Providing info/warning/error messages (HO)
)
Package pdftexcmds Info: \pdf@primitive is available.
Package pdftexcmds Info: \pdf@ifprimitive is available.
Package pdftexcmds Info: \pdfdraftmode found.
)
(c:/Programs/texlive/2022/texmf-dist/tex/generic/kvsetkeys/kvsetkeys.sty
Package: kvsetkeys 2019/12/15 v1.18 Key value parser (HO)
)
(c:/Programs/texlive/2022/texmf-dist/tex/generic/kvdefinekeys/kvdefinekeys.sty
Package: kvdefinekeys 2019-12-19 v1.6 Define keys (HO)
) (c:/Programs/texlive/2022/texmf-dist/tex/generic/pdfescape/pdfescape.sty
Package: pdfescape 2019/12/09 v1.15 Implements pdfTeX's escape features (HO)
)
(c:/Programs/texlive/2022/texmf-dist/tex/latex/hycolor/hycolor.sty
Package: hycolor 2020-01-27 v1.10 Color options for hyperref/bookmark (HO)
)
(c:/Programs/texlive/2022/texmf-dist/tex/latex/letltxmacro/letltxmacro.sty
Package: letltxmacro 2019/12/03 v1.6 Let assignment for LaTeX macros (HO)
)
(c:/Programs/texlive/2022/texmf-dist/tex/latex/auxhook/auxhook.sty
Package: auxhook 2019-12-17 v1.6 Hooks for auxiliary files (HO)
)
(c:/Programs/texlive/2022/texmf-dist/tex/latex/hyperref/nameref.sty
Package: nameref 2022-05-17 v2.50 Cross-referencing by name of section

(c:/Programs/texlive/2022/texmf-dist/tex/latex/refcount/refcount.sty
Package: refcount 2019/12/15 v3.6 Data extraction from label references (HO)
)
(c:/Programs/texlive/2022/texmf-dist/tex/generic/gettitlestring/gettitlestring.
sty
Package: gettitlestring 2019/12/15 v1.6 Cleanup title references (HO)
 (c:/Programs/texlive/2022/texmf-dist/tex/latex/kvoptions/kvoptions.sty
Package: kvoptions 2022-06-15 v3.15 Key value format for package options (HO)
))
\c@section@level=\count282
)
\@linkdim=\dimen175
\Hy@linkcounter=\count283
\Hy@pagecounter=\count284

(c:/Programs/texlive/2022/texmf-dist/tex/latex/hyperref/pd1enc.def
File: pd1enc.def 2022-09-22 v7.00t Hyperref: PDFDocEncoding definition (HO)
Now handling font encoding PD1 ...
... no UTF-8 mapping file for font encoding PD1
)
(c:/Programs/texlive/2022/texmf-dist/tex/generic/intcalc/intcalc.sty
Package: intcalc 2019/12/15 v1.3 Expandable calculations with integers (HO)
)
(c:/Programs/texlive/2022/texmf-dist/tex/generic/etexcmds/etexcmds.sty
Package: etexcmds 2019/12/15 v1.7 Avoid name clashes with e-TeX commands (HO)
)
\Hy@SavedSpaceFactor=\count285

(c:/Programs/texlive/2022/texmf-dist/tex/latex/hyperref/puenc.def
File: puenc.def 2022-09-22 v7.00t Hyperref: PDF Unicode definition (HO)
Now handling font encoding PU ...
... no UTF-8 mapping file for font encoding PU
)
Package hyperref Info: Option `colorlinks' set `true' on input line 4045.
Package hyperref Info: Hyper figures OFF on input line 4162.
Package hyperref Info: Link nesting OFF on input line 4167.
Package hyperref Info: Hyper index ON on input line 4170.
Package hyperref Info: Plain pages OFF on input line 4177.
Package hyperref Info: Backreferencing OFF on input line 4182.
Package hyperref Info: Implicit mode ON; LaTeX internals redefined.
Package hyperref Info: Bookmarks ON on input line 4410.
\c@Hy@tempcnt=\count286

(c:/Programs/texlive/2022/texmf-dist/tex/latex/url/url.sty
\Urlmuskip=\muskip17
Package: url 2013/09/16  ver 3.4  Verb mode for urls, etc.
)
LaTeX Info: Redefining \url on input line 4748.
\XeTeXLinkMargin=\dimen176

(c:/Programs/texlive/2022/texmf-dist/tex/generic/bitset/bitset.sty
Package: bitset 2019/12/09 v1.3 Handle bit-vector datatype (HO)

(c:/Programs/texlive/2022/texmf-dist/tex/generic/bigintcalc/bigintcalc.sty
Package: bigintcalc 2019/12/15 v1.5 Expandable calculations on big integers (HO
)
))
\Fld@menulength=\count287
\Field@Width=\dimen177
\Fld@charsize=\dimen178
Package hyperref Info: Hyper figures OFF on input line 6027.
Package hyperref Info: Link nesting OFF on input line 6032.
Package hyperref Info: Hyper index ON on input line 6035.
Package hyperref Info: backreferencing OFF on input line 6042.
Package hyperref Info: Link coloring ON on input line 6045.
Package hyperref Info: Link coloring with OCG OFF on input line 6052.
Package hyperref Info: PDF/A mode OFF on input line 6057.

(c:/Programs/texlive/2022/texmf-dist/tex/latex/base/atbegshi-ltx.sty
Package: atbegshi-ltx 2021/01/10 v1.0c Emulation of the original atbegshi
package with kernel methods
)
\Hy@abspage=\count288
\c@Item=\count289
\c@Hfootnote=\count290
)
Package hyperref Info: Driver (autodetected): hpdftex.

(c:/Programs/texlive/2022/texmf-dist/tex/latex/hyperref/hpdftex.def
File: hpdftex.def 2022-09-22 v7.00t Hyperref driver for pdfTeX

(c:/Programs/texlive/2022/texmf-dist/tex/latex/base/atveryend-ltx.sty
Package: atveryend-ltx 2020/08/19 v1.0a Emulation of the original atveryend pac
kage
with kernel methods
)
\Fld@listcount=\count291
\c@bookmark@seq@number=\count292

(c:/Programs/texlive/2022/texmf-dist/tex/latex/rerunfilecheck/rerunfilecheck.st
y
Package: rerunfilecheck 2022-07-10 v1.10 Rerun checks for auxiliary files (HO)

(c:/Programs/texlive/2022/texmf-dist/tex/generic/uniquecounter/uniquecounter.st
y
Package: uniquecounter 2019/12/15 v1.4 Provide unlimited unique counter (HO)
)
Package uniquecounter Info: New unique counter `rerunfilecheck' on input line 2
85.
)
\Hy@SectionHShift=\skip55
)
(c:/Programs/texlive/2022/texmf-dist/tex/latex/l3backend/l3backend-pdftex.def
File: l3backend-pdftex.def 2022-09-28 L3 backend support: PDF output (pdfTeX)
\l__color_backend_stack_int=\count293
\l__pdf_internal_box=\box55
)
(./AIhomework.aux)
\openout1 = `AIhomework.aux'.

LaTeX Font Info:    Checking defaults for OML/cmm/m/it on input line 11.
LaTeX Font Info:    ... okay on input line 11.
LaTeX Font Info:    Checking defaults for OMS/cmsy/m/n on input line 11.
LaTeX Font Info:    ... okay on input line 11.
LaTeX Font Info:    Checking defaults for OT1/cmr/m/n on input line 11.
LaTeX Font Info:    ... okay on input line 11.
LaTeX Font Info:    Checking defaults for T1/cmr/m/n on input line 11.
LaTeX Font Info:    ... okay on input line 11.
LaTeX Font Info:    Checking defaults for TS1/cmr/m/n on input line 11.
LaTeX Font Info:    ... okay on input line 11.
LaTeX Font Info:    Checking defaults for OMX/cmex/m/n on input line 11.
LaTeX Font Info:    ... okay on input line 11.
LaTeX Font Info:    Checking defaults for U/cmr/m/n on input line 11.
LaTeX Font Info:    ... okay on input line 11.
LaTeX Font Info:    Checking defaults for PD1/pdf/m/n on input line 11.
LaTeX Font Info:    ... okay on input line 11.
LaTeX Font Info:    Checking defaults for PU/pdf/m/n on input line 11.
LaTeX Font Info:    ... okay on input line 11.

-- Lines per column: 56 (exact).
(c:/Programs/texlive/2022/texmf-dist/tex/context/base/mkii/supp-pdf.mkii
[Loading MPS to PDF converter (version 2006.09.02).]
\scratchcounter=\count294
\scratchdimen=\dimen179
\scratchbox=\box56
\nofMPsegments=\count295
\nofMParguments=\count296
\everyMPshowfont=\toks23
\MPscratchCnt=\count297
\MPscratchDim=\dimen180
\MPnumerator=\count298
\makeMPintoPDFobject=\count299
\everyMPtoPDFconversion=\toks24
) (c:/Programs/texlive/2022/texmf-dist/tex/latex/epstopdf-pkg/epstopdf-base.sty
Package: epstopdf-base 2020-01-24 v2.11 Base part for package epstopdf
Package epstopdf-base Info: Redefining graphics rule for `.eps' on input line 4
85.
(c:/Programs/texlive/2022/texmf-dist/tex/latex/latexconfig/epstopdf-sys.cfg
File: epstopdf-sys.cfg 2010/07/13 v1.3 Configuration of (r)epstopdf for TeX Liv
e
))
Package hyperref Info: Link coloring ON on input line 11.

(./AIhomework.out) (./AIhomework.out)
\@outlinefile=\write3
\openout3 = `AIhomework.out'.



LaTeX Warning: No \author given.


LaTeX Warning: No \author given.


LaTeX Warning: No \author given.

LaTeX Font Info:    Trying to load font information for U+msa on input line 37.

(c:/Programs/texlive/2022/texmf-dist/tex/latex/amsfonts/umsa.fd
File: umsa.fd 2013/01/14 v3.01 AMS symbols A
)
LaTeX Font Info:    Trying to load font information for U+msb on input line 37.


(c:/Programs/texlive/2022/texmf-dist/tex/latex/amsfonts/umsb.fd
File: umsb.fd 2013/01/14 v3.01 AMS symbols B
) [1{c:/Programs/texlive/2022/texmf-var/fonts/map/pdftex/updmap/pdftex.map}


]
<p1raw.png, id=164, 722.7pt x 144.54pt>
File: p1raw.png Graphic file (type png)
<use p1raw.png>
Package pdftex.def Info: p1raw.png  used on input line 143.
(pdftex.def)             Requested size: 271.01183pt x 54.20235pt.
<m1p1.png, id=167, 722.7pt x 144.54pt>
File: m1p1.png Graphic file (type png)
<use m1p1.png>
Package pdftex.def Info: m1p1.png  used on input line 152.
(pdftex.def)             Requested size: 271.01183pt x 54.20235pt.
<m2p1.png, id=169, 722.7pt x 144.54pt>
File: m2p1.png Graphic file (type png)
<use m2p1.png>
Package pdftex.def Info: m2p1.png  used on input line 161.
(pdftex.def)             Requested size: 271.01183pt x 54.20235pt.
<distance1.png, id=172, 722.7pt x 144.54pt>
File: distance1.png Graphic file (type png)
<use distance1.png>
Package pdftex.def Info: distance1.png  used on input line 171.
(pdftex.def)             Requested size: 271.01183pt x 54.20235pt.
<m3p1.png, id=175, 722.7pt x 361.35pt>
File: m3p1.png Graphic file (type png)
<use m3p1.png>
Package pdftex.def Info: m3p1.png  used on input line 191.
(pdftex.def)             Requested size: 252.94878pt x 126.4744pt.
<his.png, id=177, 433.62pt x 216.81pt>
File: his.png Graphic file (type png)
<use his.png>
Package pdftex.def Info: his.png  used on input line 201.
(pdftex.def)             Requested size: 260.17401pt x 130.08699pt.
<m4p1gaussian.png, id=179, 722.7pt x 216.81pt>
File: m4p1gaussian.png Graphic file (type png)
<use m4p1gaussian.png>
Package pdftex.def Info: m4p1gaussian.png  used on input line 208.
(pdftex.def)             Requested size: 271.01183pt x 81.30354pt.
<p2raw.png, id=181, 433.62pt x 289.08pt>
File: p2raw.png Graphic file (type png)
<use p2raw.png>
Package pdftex.def Info: p2raw.png  used on input line 218.
(pdftex.def)             Requested size: 216.80946pt x 144.53964pt.
 [2 <./p1raw.png> <./m1p1.png> <./m2p1.png> <./distance1.png>]
<k=3.png, id=203, 433.62pt x 289.08pt>
File: k=3.png Graphic file (type png)
<use k=3.png>
Package pdftex.def Info: k=3.png  used on input line 230.
(pdftex.def)             Requested size: 121.41277pt x 80.94183pt.
<k=4.png, id=204, 433.62pt x 289.08pt>
File: k=4.png Graphic file (type png)
<use k=4.png>
Package pdftex.def Info: k=4.png  used on input line 231.
(pdftex.def)             Requested size: 121.41277pt x 80.94183pt.
<k=5.png, id=205, 433.62pt x 289.08pt>
File: k=5.png Graphic file (type png)
<use k=5.png>
Package pdftex.def Info: k=5.png  used on input line 232.
(pdftex.def)             Requested size: 121.41277pt x 80.94183pt.
<k=6.png, id=206, 433.62pt x 289.08pt>
File: k=6.png Graphic file (type png)
<use k=6.png>
Package pdftex.def Info: k=6.png  used on input line 233.
(pdftex.def)             Requested size: 121.41277pt x 80.94183pt.


LaTeX Warning: `h' float specifier changed to `ht'.

<KM_DDI.png, id=208, 867.24pt x 433.62pt>
File: KM_DDI.png Graphic file (type png)
<use KM_DDI.png>
Package pdftex.def Info: KM_DDI.png  used on input line 243.
(pdftex.def)             Requested size: 260.17401pt x 130.087pt.
<GM_DDI.png, id=209, 867.24pt x 433.62pt>
File: GM_DDI.png Graphic file (type png)
<use GM_DDI.png>
Package pdftex.def Info: GM_DDI.png  used on input line 244.
(pdftex.def)             Requested size: 260.17401pt x 130.087pt.

Overfull \hbox (8.17401pt too wide) in paragraph at lines 243--245
[][]
 []


Overfull \hbox (8.17401pt too wide) in paragraph at lines 243--245
[] 
 []

<m1p2.png, id=212, 433.62pt x 289.08pt>
File: m1p2.png Graphic file (type png)
<use m1p2.png>
Package pdftex.def Info: m1p2.png  used on input line 255.
(pdftex.def)             Requested size: 121.41277pt x 80.94183pt.
<m2p2.png, id=213, 433.62pt x 289.08pt>
File: m2p2.png Graphic file (type png)
<use m2p2.png>
Package pdftex.def Info: m2p2.png  used on input line 256.
(pdftex.def)             Requested size: 121.41277pt x 80.94183pt.
<g=5.png, id=215, 433.62pt x 289.08pt>
File: g=5.png Graphic file (type png)
<use g=5.png>
Package pdftex.def Info: g=5.png  used on input line 264.
(pdftex.def)             Requested size: 216.80946pt x 144.53964pt.
<p3MDS.png, id=217, 433.62pt x 289.08pt>
File: p3MDS.png Graphic file (type png)
<use p3MDS.png>
Package pdftex.def Info: p3MDS.png  used on input line 274.
(pdftex.def)             Requested size: 121.41277pt x 80.94183pt.
<p3PCA.png, id=218, 433.62pt x 289.08pt>
File: p3PCA.png Graphic file (type png)
<use p3PCA.png>
Package pdftex.def Info: p3PCA.png  used on input line 275.
(pdftex.def)             Requested size: 121.41277pt x 80.94183pt.
<P3MK2.png, id=220, 433.62pt x 289.08pt>
File: P3MK2.png Graphic file (type png)
<use P3MK2.png>
Package pdftex.def Info: P3MK2.png  used on input line 286.
(pdftex.def)             Requested size: 121.41277pt x 80.94183pt.
<p3K.png, id=221, 433.62pt x 289.08pt>
File: p3K.png Graphic file (type png)
<use p3K.png>
Package pdftex.def Info: p3K.png  used on input line 287.
(pdftex.def)             Requested size: 121.41277pt x 80.94183pt.
[3 <./m3p1.png> <./his.png> <./m4p1gaussian.png> <./p2raw.png> <./k=3.png> <./k
=4.png> <./k=5.png> <./k=6.png>]
<P3MG5.png, id=242, 433.62pt x 289.08pt>
File: P3MG5.png Graphic file (type png)
<use P3MG5.png>
Package pdftex.def Info: P3MG5.png  used on input line 295.
(pdftex.def)             Requested size: 216.80946pt x 144.53964pt.
<P3IsoR.png, id=245, 433.62pt x 289.08pt>
File: P3IsoR.png Graphic file (type png)
<use P3IsoR.png>
Package pdftex.def Info: P3IsoR.png  used on input line 306.
(pdftex.def)             Requested size: 216.80946pt x 144.53964pt.
 [4 <./KM_DDI.png> <./GM_DDI.png> <./m1p2.png> <./m2p2.png> <./g=5.png> <./p3MD
S.png> <./p3PCA.png> <./p3MK2.png> <./P3K.png> <./p3MG5.png>]
<P3IsoK.png, id=262, 433.62pt x 289.08pt>
File: P3IsoK.png Graphic file (type png)
<use P3IsoK.png>
Package pdftex.def Info: P3IsoK.png  used on input line 312.
(pdftex.def)             Requested size: 216.80946pt x 144.53964pt.
<P3Fin.png, id=265, 433.62pt x 289.08pt>
File: P3Fin.png Graphic file (type png)
<use P3Fin.png>
Package pdftex.def Info: P3Fin.png  used on input line 320.
(pdftex.def)             Requested size: 121.41277pt x 80.94183pt.
<P3Fin3.png, id=266, 462.528pt x 346.896pt>
File: P3Fin3.png Graphic file (type png)
<use P3Fin3.png>
Package pdftex.def Info: P3Fin3.png  used on input line 321.
(pdftex.def)             Requested size: 129.50694pt x 97.1302pt.

Overfull \hbox (1.21967pt too wide) in paragraph at lines 320--322
[][] [] 
 []

<P4RM.png, id=268, 433.62pt x 289.08pt>
File: P4RM.png Graphic file (type png)
<use P4RM.png>
Package pdftex.def Info: P4RM.png  used on input line 330.
(pdftex.def)             Requested size: 121.41277pt x 80.94183pt.
<P4RP.png, id=269, 433.62pt x 289.08pt>
File: P4RP.png Graphic file (type png)
<use P4RP.png>
Package pdftex.def Info: P4RP.png  used on input line 331.
(pdftex.def)             Requested size: 121.41277pt x 80.94183pt.
<KM_DDI4.png, id=270, 867.24pt x 433.62pt>
File: KM_DDI4.png Graphic file (type png)
<use KM_DDI4.png>
Package pdftex.def Info: KM_DDI4.png  used on input line 339.
(pdftex.def)             Requested size: 260.17401pt x 130.087pt.
<GM_DDI4.png, id=271, 867.24pt x 433.62pt>
File: GM_DDI4.png Graphic file (type png)
<use GM_DDI4.png>
Package pdftex.def Info: GM_DDI4.png  used on input line 340.
(pdftex.def)             Requested size: 260.17401pt x 130.087pt.
<4g=10.png, id=273, 433.62pt x 289.08pt>
File: 4g=10.png Graphic file (type png)
<use 4g=10.png>
Package pdftex.def Info: 4g=10.png  used on input line 348.
(pdftex.def)             Requested size: 216.80946pt x 144.53964pt.
<p4Fin.png, id=275, 433.62pt x 289.08pt>
File: p4Fin.png Graphic file (type png)
<use p4Fin.png>
Package pdftex.def Info: p4Fin.png  used on input line 360.
(pdftex.def)             Requested size: 216.80946pt x 144.53964pt.
[5 <./p3IsoR.png> <./p3IsoK.png> <./p3Fin.png> <./p3Fin3.png> <./P4RM.png> <./P
4RP.png> <./KM_DDI4.png> <./GM_DDI4.png>]

** Conference Paper **
Before submitting the final camera ready copy, remember to:

 1. Manually equalize the lengths of two columns on the last page
 of your paper;

 2. Ensure that any PostScript and/or PDF output post-processing
 uses only Type 1 fonts and that every step in the generation
 process uses the appropriate paper size.

[6

 <./4g=10.png> <./p4Fin.png>] (./AIhomework.aux)
Package rerunfilecheck Info: File `AIhomework.out' has not changed.
(rerunfilecheck)             Checksum: 70A90BFBE6B6B171FC97BF63C5F50D00;3627.
 ) 
Here is how much of TeX's memory you used:
 11338 strings out of 475071
 177929 string characters out of 5778417
 543657 words of memory out of 5000000
 32490 multiletter control sequences out of 15000+600000
 511231 words of font info for 110 fonts, out of 8000000 for 9000
 1141 hyphenation exceptions out of 8191
 72i,13n,77p,591b,464s stack positions out of 10000i,1000n,20000p,200000b,200000s
{c:/Programs/texlive/2022/texmf-dist/fonts/enc/dvips/base/8r.enc}<c:/Programs
/texlive/2022/texmf-dist/fonts/type1/public/amsfonts/cm/cmbx10.pfb><c:/Programs
/texlive/2022/texmf-dist/fonts/type1/public/amsfonts/cm/cmbx7.pfb><c:/Programs/
texlive/2022/texmf-dist/fonts/type1/public/amsfonts/cm/cmex10.pfb><c:/Programs/
texlive/2022/texmf-dist/fonts/type1/public/amsfonts/cmextra/cmex9.pfb><c:/Progr
ams/texlive/2022/texmf-dist/fonts/type1/public/amsfonts/cm/cmmi10.pfb><c:/Progr
ams/texlive/2022/texmf-dist/fonts/type1/public/amsfonts/cm/cmmi5.pfb><c:/Progra
ms/texlive/2022/texmf-dist/fonts/type1/public/amsfonts/cm/cmmi6.pfb><c:/Program
s/texlive/2022/texmf-dist/fonts/type1/public/amsfonts/cm/cmmi7.pfb><c:/Programs
/texlive/2022/texmf-dist/fonts/type1/public/amsfonts/cm/cmmi9.pfb><c:/Programs/
texlive/2022/texmf-dist/fonts/type1/public/amsfonts/cm/cmmib10.pfb><c:/Programs
/texlive/2022/texmf-dist/fonts/type1/public/amsfonts/cmextra/cmmib7.pfb><c:/Pro
grams/texlive/2022/texmf-dist/fonts/type1/public/amsfonts/cm/cmr10.pfb><c:/Prog
rams/texlive/2022/texmf-dist/fonts/type1/public/amsfonts/cm/cmr5.pfb><c:/Progra
ms/texlive/2022/texmf-dist/fonts/type1/public/amsfonts/cm/cmr6.pfb><c:/Programs
/texlive/2022/texmf-dist/fonts/type1/public/amsfonts/cm/cmr7.pfb><c:/Programs/t
exlive/2022/texmf-dist/fonts/type1/public/amsfonts/cm/cmr9.pfb><c:/Programs/tex
live/2022/texmf-dist/fonts/type1/public/amsfonts/cm/cmsy10.pfb><c:/Programs/tex
live/2022/texmf-dist/fonts/type1/public/amsfonts/cm/cmsy5.pfb><c:/Programs/texl
ive/2022/texmf-dist/fonts/type1/public/amsfonts/cm/cmsy7.pfb><c:/Programs/texli
ve/2022/texmf-dist/fonts/type1/public/amsfonts/cm/cmsy9.pfb><c:/Programs/texliv
e/2022/texmf-dist/fonts/type1/public/amsfonts/symbols/msam7.pfb><c:/Programs/te
xlive/2022/texmf-dist/fonts/type1/urw/times/utmb8a.pfb><c:/Programs/texlive/202
2/texmf-dist/fonts/type1/urw/times/utmbi8a.pfb><c:/Programs/texlive/2022/texmf-
dist/fonts/type1/urw/times/utmr8a.pfb><c:/Programs/texlive/2022/texmf-dist/font
s/type1/urw/times/utmri8a.pfb>
Output written on AIhomework.pdf (6 pages, 1296803 bytes).
PDF statistics:
 424 PDF objects out of 1000 (max. 8388607)
 297 compressed objects within 3 object streams
 71 named destinations out of 1000 (max. 500000)
 377 words of extra memory for PDF output out of 10000 (max. 10000000)

