\BOOKMARK [1][-]{section.1}{\376\377\000A\000l\000g\000o\000r\000i\000t\000h\000m\000\040\000a\000n\000d\000\040\000C\000o\000d\000e}{}% 1
\BOOKMARK [2][-]{subsection.1.1}{\376\377\000T\000o\000o\000l\000\040\000f\000u\000n\000c\000t\000i\000o\000n\000s}{section.1}% 2
\BOOKMARK [3][-]{subsubsection.1.1.1}{\376\377\000D\000i\000s\000t\000a\000n\000c\000e\000\040\000m\000e\000a\000s\000u\000r\000e\000m\000e\000n\000t}{subsection.1.1}% 3
\BOOKMARK [3][-]{subsubsection.1.1.2}{\376\377\000P\000r\000o\000b\000a\000b\000i\000l\000i\000t\000y}{subsection.1.1}% 4
\BOOKMARK [3][-]{subsubsection.1.1.3}{\376\377\000A\000s\000s\000e\000s\000s\000m\000e\000n\000t}{subsection.1.1}% 5
\BOOKMARK [3][-]{subsubsection.1.1.4}{\376\377\000O\000t\000h\000e\000r}{subsection.1.1}% 6
\BOOKMARK [2][-]{subsection.1.2}{\376\377\000C\000l\000u\000s\000t\000e\000r\000i\000n\000g}{section.1}% 7
\BOOKMARK [3][-]{subsubsection.1.2.1}{\376\377\000K\000M\000e\000a\000n\000s}{subsection.1.2}% 8
\BOOKMARK [3][-]{subsubsection.1.2.2}{\376\377\000G\000M\000M}{subsection.1.2}% 9
\BOOKMARK [2][-]{subsection.1.3}{\376\377\000D\000i\000m\000e\000n\000s\000i\000o\000n\000a\000l\000\040\000R\000e\000d\000u\000c\000t\000i\000o\000n}{section.1}% 10
\BOOKMARK [3][-]{subsubsection.1.3.1}{\376\377\000M\000D\000S}{subsection.1.3}% 11
\BOOKMARK [3][-]{subsubsection.1.3.2}{\376\377\000P\000C\000A}{subsection.1.3}% 12
\BOOKMARK [3][-]{subsubsection.1.3.3}{\376\377\000I\000s\000o\000m\000a\000p}{subsection.1.3}% 13
\BOOKMARK [1][-]{section.2}{\376\377\000P\000r\000o\000b\000l\000e\000m\000\040\0001}{}% 14
\BOOKMARK [2][-]{subsection.2.1}{\376\377\000M\000e\000t\000h\000o\000d\000\040\0001\000:\000\040\000S\000i\000m\000p\000l\000e\000\040\000a\000v\000e\000r\000a\000g\000e}{section.2}% 15
\BOOKMARK [2][-]{subsection.2.2}{\376\377\000M\000e\000t\000h\000o\000d\000\040\0002\000:\000\040\000K\000M\000e\000a\000n\000s}{section.2}% 16
\BOOKMARK [2][-]{subsection.2.3}{\376\377\000M\000e\000t\000h\000o\000d\000\040\0003\000:\000\040\000K\000e\000r\000n\000e\000l\000\040\000f\000u\000n\000c\000t\000i\000o\000n\000+\000K\000M\000e\000a\000n\000s}{section.2}% 17
\BOOKMARK [2][-]{subsection.2.4}{\376\377\000M\000e\000t\000h\000o\000d\000\040\0004\000:\000\040\000E\000x\000p\000e\000c\000t\000a\000t\000i\000o\000n\000\040\000M\000a\000x\000i\000m\000i\000z\000a\000t\000i\000o\000n\000\050\000G\000M\000M\000\051}{section.2}% 18
\BOOKMARK [1][-]{section.3}{\376\377\000P\000r\000o\000b\000l\000e\000m\000\040\0002}{}% 19
\BOOKMARK [2][-]{subsection.3.1}{\376\377\000T\000h\000e\000\040\000b\000e\000s\000t\000\040\000K\000\050\000C\000l\000u\000s\000t\000e\000r\000s\000\040\000f\000o\000r\000\040\000K\000M\000e\000a\000n\000s\000\051}{section.3}% 20
\BOOKMARK [2][-]{subsection.3.2}{\376\377\000T\000h\000e\000\040\000b\000e\000s\000t\000\040\000C\000\050\000c\000o\000m\000p\000o\000n\000e\000n\000t\000s\000\040\000f\000o\000r\000\040\000G\000M\000M\000\051}{section.3}% 21
\BOOKMARK [1][-]{section.4}{\376\377\000P\000r\000o\000b\000l\000e\000m\000\040\0003}{}% 22
\BOOKMARK [2][-]{subsection.4.1}{\376\377\000D\000i\000m\000e\000n\000s\000i\000o\000n\000\040\000R\000e\000d\000u\000c\000t\000i\000o\000n}{section.4}% 23
\BOOKMARK [2][-]{subsection.4.2}{\376\377\000C\000l\000u\000s\000t\000e\000r\000i\000n\000g}{section.4}% 24
\BOOKMARK [2][-]{subsection.4.3}{\376\377\000F\000i\000n\000a\000l\000\040\000s\000o\000l\000u\000t\000i\000o\000n}{section.4}% 25
\BOOKMARK [1][-]{section.5}{\376\377\000P\000r\000o\000b\000l\000e\000m\000\040\0004}{}% 26
\BOOKMARK [1][-]{section*.2}{\376\377\000R\000e\000f\000e\000r\000e\000n\000c\000e\000s}{}% 27
