\BOOKMARK [1][-]{section.1}{\376\377\167\351\226\065\116\016\210\114\122\027\137\017}{}% 1
\BOOKMARK [2][-]{subsection.1.1}{\376\377\167\351\226\065}{section.1}% 2
\BOOKMARK [3][-]{subsubsection.1.1.1}{\376\377\167\351\226\065\166\204\133\232\116\111}{subsection.1.1}% 3
\BOOKMARK [3][-]{subsubsection.1.1.2}{\376\377\167\351\226\065\166\204\217\320\173\227}{subsection.1.1}% 4
\BOOKMARK [3][-]{subsubsection.1.1.3}{\376\377\167\351\226\065\166\204\217\154\177\156}{subsection.1.1}% 5
\BOOKMARK [3][-]{subsubsection.1.1.4}{\376\377\145\271\226\065\166\204\217\371}{subsection.1.1}% 6
\BOOKMARK [3][-]{subsubsection.1.1.5}{\376\377\145\271\226\065\166\204\220\006\167\351\226\065}{subsection.1.1}% 7
\BOOKMARK [3][-]{subsubsection.1.1.6}{\376\377\117\064\226\217\167\351\226\065}{subsection.1.1}% 8
\BOOKMARK [3][-]{subsubsection.1.1.7}{\376\377\167\351\226\065\122\006\127\127}{subsection.1.1}% 9
\BOOKMARK [2][-]{subsection.1.2}{\376\377\210\114\122\027\137\017}{section.1}% 10
\BOOKMARK [3][-]{subsubsection.1.2.1}{\376\377\220\006\136\217}{subsection.1.2}% 11
\BOOKMARK [3][-]{subsubsection.1.2.2}{\376\377\210\114\122\027\137\017\166\204\133\232\116\111}{subsection.1.2}% 12
\BOOKMARK [3][-]{subsubsection.1.2.3}{\376\377\210\114\122\027\137\017\166\204\213\241\173\227}{subsection.1.2}% 13
\BOOKMARK [3][-]{subsubsection.1.2.4}{\376\377\000C\000r\000a\000m\000e\000r\154\325\122\031}{subsection.1.2}% 14
\BOOKMARK [1][-]{section.2}{\376\377\171\351\116\016\124\021\221\317}{}% 15
\BOOKMARK [2][-]{subsection.2.1}{\376\377\167\351\226\065\122\035\173\111\123\330\143\142}{section.2}% 16
\BOOKMARK [2][-]{subsection.2.2}{\376\377\166\370\142\265\121\163\174\373}{section.2}% 17
\BOOKMARK [2][-]{subsection.2.3}{\376\377\167\351\226\065\166\204\171\351}{section.2}% 18
\BOOKMARK [3][-]{subsubsection.2.3.1}{\376\377\173\111\116\367\143\317\217\360}{subsection.2.3}% 19
\BOOKMARK [3][-]{subsubsection.2.3.2}{\376\377\147\011\121\163\171\351\166\204\136\070\211\301\176\323\213\272}{subsection.2.3}% 20
\BOOKMARK [3][-]{subsubsection.2.3.3}{\376\377\226\115\171\351\133\232\164\006}{subsection.2.3}% 21
\BOOKMARK [2][-]{subsection.2.4}{\376\377\171\351\116\072\0001\166\204\167\351\226\065}{section.2}% 22
\BOOKMARK [3][-]{subsubsection.2.4.1}{\376\377\173\111\116\367\143\317\217\360}{subsection.2.4}% 23
\BOOKMARK [3][-]{subsubsection.2.4.2}{\376\377\171\351\116\072\0001\167\351\226\065\166\204\140\047\215\050}{subsection.2.4}% 24
\BOOKMARK [2][-]{subsection.2.5}{\376\377\176\277\140\047\145\271\172\013\176\304\116\016\167\351\226\065}{section.2}% 25
\BOOKMARK [3][-]{subsubsection.2.5.1}{\376\377\176\277\140\047\145\271\172\013\176\304\166\204\147\011\211\343\140\047}{subsection.2.5}% 26
\BOOKMARK [2][-]{subsection.2.6}{\376\377\124\021\221\317\172\172\225\364}{section.2}% 27
\BOOKMARK [3][-]{subsubsection.2.6.1}{\376\377\127\372\147\054\140\047\215\050}{subsection.2.6}% 28
\BOOKMARK [3][-]{subsubsection.2.6.2}{\376\377\176\277\140\047\133\120\172\172\225\364}{subsection.2.6}% 29
\BOOKMARK [3][-]{subsubsection.2.6.3}{\376\377\147\204\220\040\133\120\172\172\225\364\166\204\116\000\116\052\136\070\165\050\145\271\154\325}{subsection.2.6}% 30
\BOOKMARK [2][-]{subsection.2.7}{\376\377\124\021\221\317\176\304\166\204\171\351}{section.2}% 31
\BOOKMARK [3][-]{subsubsection.2.7.1}{\376\377\176\277\140\047\176\304\124\010}{subsection.2.7}% 32
\BOOKMARK [3][-]{subsubsection.2.7.2}{\376\377\176\277\140\047\166\370\121\163\116\016\176\277\140\047\145\340\121\163}{subsection.2.7}% 33
\BOOKMARK [2][-]{subsection.2.8}{\376\377\147\201\131\047\176\277\140\047\145\340\121\163\176\304}{section.2}% 34
\BOOKMARK [2][-]{subsection.2.9}{\376\377\176\277\140\047\145\271\172\013\176\304\166\204\211\343}{section.2}% 35
\BOOKMARK [3][-]{subsubsection.2.9.1}{\376\377\176\277\140\047\145\271\172\013\176\304\166\204\124\014\211\343}{subsection.2.9}% 36
\BOOKMARK [1][-]{section.3}{\376\377\123\357\220\006\167\351\226\065}{}% 37
\BOOKMARK [2][-]{subsection.3.1}{\376\377\162\171\137\201\120\074\116\016\162\171\137\201\124\021\221\317}{section.3}% 38
\BOOKMARK [3][-]{subsubsection.3.1.1}{\376\377\162\171\137\201\120\074\124\214\162\171\137\201\124\021\221\317\154\102\154\325}{subsection.3.1}% 39
\BOOKMARK [3][-]{subsubsection.3.1.2}{\376\377\162\171\137\201\120\074\116\016\162\171\137\201\124\021\221\317\166\204\140\047\215\050}{subsection.3.1}% 40
\BOOKMARK [3][-]{subsubsection.3.1.3}{\376\377\121\340\117\125\221\315\145\160\124\214\116\343\145\160\221\315\145\160}{subsection.3.1}% 41
\BOOKMARK [2][-]{subsection.3.2}{\376\377\166\370\117\074\123\330\143\142}{section.3}% 42
\BOOKMARK [3][-]{subsubsection.3.2.1}{\376\377\166\370\117\074\167\351\226\065\166\204\140\047\215\050}{subsection.3.2}% 43
\BOOKMARK [3][-]{subsubsection.3.2.2}{\376\377\133\371\211\322\123\026}{subsection.3.2}% 44
\BOOKMARK [2][-]{subsection.3.3}{\376\377\000J\000o\000r\000d\000a\000n\150\007\121\306\137\142}{section.3}% 45
\BOOKMARK [3][-]{subsubsection.3.3.1}{\376\377\000J\000o\000r\000d\000a\000n\150\007\121\306\137\142\166\204\140\047\215\050}{subsection.3.3}% 46
\BOOKMARK [3][-]{subsubsection.3.3.2}{\376\377\000J\000o\000r\000d\000a\000n\150\007\121\306\137\142\166\204\141\017\116\111}{subsection.3.3}% 47
\BOOKMARK [2][-]{subsection.3.4}{\376\377\123\026\226\366\131\032\230\171\137\017\116\016\147\000\134\017\131\032\230\171\137\017}{section.3}% 48
\BOOKMARK [3][-]{subsubsection.3.4.1}{\376\377\123\026\226\366\131\032\230\171\137\017}{subsection.3.4}% 49
\BOOKMARK [3][-]{subsubsection.3.4.2}{\376\377\147\000\134\017\131\032\230\171\137\017}{subsection.3.4}% 50
\BOOKMARK [2][-]{subsection.3.5}{\376\377\162\171\153\212\167\351\226\065\116\016\166\370\117\074\150\007\121\306\137\142\166\204\136\224\165\050}{section.3}% 51
\BOOKMARK [3][-]{subsubsection.3.5.1}{\376\377\136\102\173\111\167\351\226\065}{subsection.3.5}% 52
\BOOKMARK [3][-]{subsubsection.3.5.2}{\376\377\145\271\226\065\154\102\136\102}{subsection.3.5}% 53
\BOOKMARK [3][-]{subsubsection.3.5.3}{\376\377\136\102\226\366\167\351\226\065}{subsection.3.5}% 54
\BOOKMARK [3][-]{subsubsection.3.5.4}{\376\377\133\371\124\010\167\351\226\065}{subsection.3.5}% 55
\BOOKMARK [3][-]{subsubsection.3.5.5}{\376\377\137\252\163\257\167\351\226\065}{subsection.3.5}% 56
\BOOKMARK [1][-]{section.4}{\376\377\116\214\153\041\127\213\116\016\133\236\133\371\171\360\167\351\226\065}{}% 57
\BOOKMARK [2][-]{subsection.4.1}{\376\377\116\214\153\041\127\213}{section.4}% 58
\BOOKMARK [3][-]{subsubsection.4.1.1}{\376\377\210\150\171\072\145\271\154\325}{subsection.4.1}% 59
\BOOKMARK [3][-]{subsubsection.4.1.2}{\376\377\176\277\140\047\146\377\143\142\116\016\116\214\153\041\127\213}{subsection.4.1}% 60
\BOOKMARK [2][-]{subsection.4.2}{\376\377\124\010\124\014\123\330\143\142}{section.4}% 61
\BOOKMARK [3][-]{subsubsection.4.2.1}{\376\377\124\010\124\014\121\163\174\373\166\204\140\047\215\050}{subsection.4.2}% 62
\BOOKMARK [2][-]{subsection.4.3}{\376\377\153\143\133\232\116\214\153\041\127\213\116\016\153\143\133\232\167\351\226\065}{section.4}% 63
\BOOKMARK [3][-]{subsubsection.4.3.1}{\376\377\140\357\140\047\143\007\145\160\116\016\140\357\140\047\133\232\164\006}{subsection.4.3}% 64
\BOOKMARK [3][-]{subsubsection.4.3.2}{\376\377\153\143\133\232\167\351\226\065}{subsection.4.3}% 65
\BOOKMARK [2][-]{subsection.4.4}{\376\377\153\143\116\244\124\021\221\317\176\304\116\016\153\143\116\244\167\351\226\065}{section.4}% 66
\BOOKMARK [3][-]{subsubsection.4.4.1}{\376\377\121\205\171\357\166\204\133\232\116\111}{subsection.4.4}% 67
\BOOKMARK [3][-]{subsubsection.4.4.2}{\376\377\124\021\221\317\121\205\171\357\166\204\140\047\215\050}{subsection.4.4}% 68
\BOOKMARK [3][-]{subsubsection.4.4.3}{\376\377\153\143\116\244\124\021\221\317\176\304}{subsection.4.4}% 69
\BOOKMARK [3][-]{subsubsection.4.4.4}{\376\377\153\143\116\244\167\351\226\065}{subsection.4.4}% 70
\BOOKMARK [3][-]{subsubsection.4.4.5}{\376\377\121\161\217\155\167\351\226\065}{subsection.4.4}% 71
\BOOKMARK [3][-]{subsubsection.4.4.6}{\376\377\133\236\133\371\171\360\167\351\226\065\166\204\140\047\215\050}{subsection.4.4}% 72
\BOOKMARK [3][-]{subsubsection.4.4.7}{\376\377\153\143\116\244\166\370\117\074\150\007\121\306\137\142}{subsection.4.4}% 73
\BOOKMARK [3][-]{subsubsection.4.4.8}{\376\377\133\371\171\360\167\351\226\065\000\040\000b\000o\000l\000d\0000\000m\000u\000\040\000m\000u\000m\000u\000\040\000A\000A\000A\000A\000A\000A\000\040\000b\000o\000l\000d\0000\000m\000u\000\040\000m\000u\000m\000u\000\040\000A\000A\000A\000A\000A\000A\000T\000\040\124\214\000\040\000b\000o\000l\000d\0000\000m\000u\000\040\000m\000u\000m\000u\000\040\000A\000A\000A\000A\000A\000A\000T\000\040\000b\000o\000l\000d\0000\000m\000u\000\040\000m\000u\000m\000u\000\040\000A\000A\000A\000A\000A\000A}{subsection.4.4}% 74
\BOOKMARK [1][-]{section.5}{\376\377\176\277\140\047\172\172\225\364\116\016\176\277\140\047\123\330\143\142}{}% 75
\BOOKMARK [2][-]{subsection.5.1}{\376\377\176\277\140\047\172\172\225\364}{section.5}% 76
\BOOKMARK [3][-]{subsubsection.5.1.1}{\376\377\133\232\116\111}{subsection.5.1}% 77
\BOOKMARK [3][-]{subsubsection.5.1.2}{\376\377\176\277\140\047\172\172\225\364\166\204\173\200\123\125\140\047\215\050}{subsection.5.1}% 78
\BOOKMARK [3][-]{subsubsection.5.1.3}{\376\377\176\277\140\047\172\172\225\364\166\204\117\213\133\120}{subsection.5.1}% 79
\BOOKMARK [2][-]{subsection.5.2}{\376\377\176\277\140\047\133\120\172\172\225\364}{section.5}% 80
\BOOKMARK [3][-]{subsubsection.5.2.1}{\376\377\213\301\146\016\153\145\232\244}{subsection.5.2}% 81
\BOOKMARK [3][-]{subsubsection.5.2.2}{\376\377\133\120\172\172\225\364\166\204\117\213\133\120}{subsection.5.2}% 82
\BOOKMARK [2][-]{subsection.5.3}{\376\377\124\014\147\204}{section.5}% 83
\BOOKMARK [3][-]{subsubsection.5.3.1}{\376\377\127\372\000,\000\040\176\364\145\160\116\016\127\120\150\007}{subsection.5.3}% 84
\BOOKMARK [3][-]{subsubsection.5.3.2}{\376\377\127\120\150\007\123\330\143\142}{subsection.5.3}% 85
\BOOKMARK [3][-]{subsubsection.5.3.3}{\376\377\176\277\140\047\172\172\225\364\166\204\124\014\147\204}{subsection.5.3}% 86
\BOOKMARK [3][-]{subsubsection.5.3.4}{\376\377\124\014\147\204\146\040\134\004\166\204\140\047\215\050}{subsection.5.3}% 87
\BOOKMARK [3][-]{subsubsection.5.3.5}{\376\377\145\160\127\337\000\040\000K\000\040\116\012\116\373\141\017\116\000\116\052\000\040\000b\000o\000l\000d\0000\000m\000u\000\040\000m\000u\000m\000u\000\040\000n\000n\000n\000n\000n\000n\000\040\176\364\176\277\140\047\172\172\225\364\000\040\000b\000o\000l\000d\0000\000m\000u\000\040\000m\000u\000m\000u\000\040\000V\000V\000V\000V\000V\000V\000\040\127\107\116\016\000\040\000K\000n\000\040\124\014\147\204}{subsection.5.3}% 88
\BOOKMARK [2][-]{subsection.5.4}{\376\377\176\277\140\047\123\330\143\142}{section.5}% 89
\BOOKMARK [3][-]{subsubsection.5.4.1}{\376\377\133\232\116\111}{subsection.5.4}% 90
\BOOKMARK [3][-]{subsubsection.5.4.2}{\376\377\176\277\140\047\123\330\143\142\166\204\167\351\226\065}{subsection.5.4}% 91
\BOOKMARK [3][-]{subsubsection.5.4.3}{\376\377\121\166\116\326\176\277\140\047\123\330\143\142}{subsection.5.4}% 92
\BOOKMARK [3][-]{subsubsection.5.4.4}{\376\377\176\277\140\047\123\330\143\142\166\204\140\047\215\050}{subsection.5.4}% 93
\BOOKMARK [3][-]{subsubsection.5.4.5}{\376\377\176\277\140\047\172\172\225\364\166\204\120\074\127\337\124\214\150\070}{subsection.5.4}% 94
\BOOKMARK [2][-]{subsection.5.5}{\376\377\153\047\154\017\172\172\225\364}{section.5}% 95
\BOOKMARK [3][-]{subsubsection.5.5.1}{\376\377\133\232\116\111}{subsection.5.5}% 96
\BOOKMARK [1][-]{section.6}{\376\377\226\104\137\125}{}% 97
\BOOKMARK [2][-]{subsection.6.1}{\376\377\121\163\116\216\040\034\116\373\117\125\040\035\166\204\213\364\154\325}{section.6}% 98
\BOOKMARK [2][-]{subsection.6.2}{\376\377\122\051\165\050\116\044\116\052\131\032\230\171\137\017\140\122\173\111}{section.6}% 99
