This is XeTeX, Version 3.141592653-2.6-0.999994 (TeX Live 2022) (preloaded format=xelatex 2022.10.27)  17 NOV 2022 23:53
entering extended mode
 restricted \write18 enabled.
 %&-line parsing enabled.
**211229数分.tex
(./211229数分.tex
LaTeX2e <2021-11-15> patch level 1
L3 programming layer <2022-02-24>
(c:/Programs/texlive/2022/texmf-dist/tex/latex/base/article.cls
Document Class: article 2021/10/04 v1.4n Standard LaTeX document class
(c:/Programs/texlive/2022/texmf-dist/tex/latex/base/size10.clo
File: size10.clo 2021/10/04 v1.4n Standard LaTeX file (size option)
)
\c@part=\count181
\c@section=\count182
\c@subsection=\count183
\c@subsubsection=\count184
\c@paragraph=\count185
\c@subparagraph=\count186
\c@figure=\count187
\c@table=\count188
\abovecaptionskip=\skip47
\belowcaptionskip=\skip48
\bibindent=\dimen138
)
(c:/Programs/texlive/2022/texmf-dist/tex/latex/ctex/ctex.sty
(c:/Programs/texlive/2022/texmf-dist/tex/latex/l3kernel/expl3.sty
Package: expl3 2022-02-24 L3 programming layer (loader) 

(c:/Programs/texlive/2022/texmf-dist/tex/latex/l3backend/l3backend-xetex.def
File: l3backend-xetex.def 2022-02-07 L3 backend support: XeTeX

(|extractbb --version)
\c__kernel_sys_dvipdfmx_version_int=\count189
\l__color_backend_stack_int=\count190
\g__color_backend_stack_int=\count191
\g__graphics_track_int=\count192
\l__pdf_internal_box=\box50
\g__pdf_backend_object_int=\count193
\g__pdf_backend_annotation_int=\count194
\g__pdf_backend_link_int=\count195
))
Package: ctex 2021/12/12 v2.5.8 Chinese adapter in LaTeX (CTEX)

(c:/Programs/texlive/2022/texmf-dist/tex/latex/l3packages/xparse/xparse.sty
Package: xparse 2022-01-12 L3 Experimental document command parser
)
(c:/Programs/texlive/2022/texmf-dist/tex/latex/l3packages/l3keys2e/l3keys2e.sty
Package: l3keys2e 2022-01-12 LaTeX2e option processing using LaTeX3 keys
) (c:/Programs/texlive/2022/texmf-dist/tex/latex/ctex/ctexhook.sty
Package: ctexhook 2021/12/12 v2.5.8 Document and package hooks (CTEX)
)
(c:/Programs/texlive/2022/texmf-dist/tex/latex/ctex/ctexpatch.sty
Package: ctexpatch 2021/12/12 v2.5.8 Patching commands (CTEX)
)
(c:/Programs/texlive/2022/texmf-dist/tex/latex/base/fix-cm.sty
Package: fix-cm 2020/11/24 v1.1t fixes to LaTeX

(c:/Programs/texlive/2022/texmf-dist/tex/latex/base/ts1enc.def
File: ts1enc.def 2001/06/05 v3.0e (jk/car/fm) Standard LaTeX file
LaTeX Font Info:    Redeclaring font encoding TS1 on input line 47.
))
\l__ctex_tmp_int=\count196
\l__ctex_tmp_box=\box51
\l__ctex_tmp_dim=\dimen139
\g__ctex_section_depth_int=\count197
\g__ctex_font_size_int=\count198

(c:/Programs/texlive/2022/texmf-dist/tex/latex/ctex/config/ctexopts.cfg
File: ctexopts.cfg 2021/12/12 v2.5.8 Option configuration file (CTEX)
)
(c:/Programs/texlive/2022/texmf-dist/tex/latex/ctex/engine/ctex-engine-xetex.de
f
File: ctex-engine-xetex.def 2021/12/12 v2.5.8 XeLaTeX adapter (CTEX)
 (c:/Programs/texlive/2022/texmf-dist/tex/xelatex/xecjk/xeCJK.sty
Package: xeCJK 2021/12/12 v3.8.8 Typesetting CJK scripts with XeLaTeX

(c:/Programs/texlive/2022/texmf-dist/tex/latex/l3packages/xtemplate/xtemplate.s
ty
Package: xtemplate 2022-01-12 L3 Experimental prototype document functions
\l__xtemplate_tmp_dim=\dimen140
\l__xtemplate_tmp_int=\count199
\l__xtemplate_tmp_muskip=\muskip16
\l__xtemplate_tmp_skip=\skip49
)
\l__xeCJK_tmp_int=\count266
\l__xeCJK_tmp_box=\box52
\l__xeCJK_tmp_dim=\dimen141
\l__xeCJK_tmp_skip=\skip50
\g__xeCJK_space_factor_int=\count267
\l__xeCJK_begin_int=\count268
\l__xeCJK_end_int=\count269
\c__xeCJK_CJK_class_int=\XeTeXcharclass1
\c__xeCJK_FullLeft_class_int=\XeTeXcharclass2
\c__xeCJK_FullRight_class_int=\XeTeXcharclass3
\c__xeCJK_HalfLeft_class_int=\XeTeXcharclass4
\c__xeCJK_HalfRight_class_int=\XeTeXcharclass5
\c__xeCJK_NormalSpace_class_int=\XeTeXcharclass6
\c__xeCJK_CM_class_int=\XeTeXcharclass7
\c__xeCJK_HangulJamo_class_int=\XeTeXcharclass8
\l__xeCJK_last_skip=\skip51
\g__xeCJK_node_int=\count270
\c__xeCJK_CJK_node_dim=\dimen142
\c__xeCJK_CJK-space_node_dim=\dimen143
\c__xeCJK_default_node_dim=\dimen144
\c__xeCJK_default-space_node_dim=\dimen145
\c__xeCJK_CJK-widow_node_dim=\dimen146
\c__xeCJK_normalspace_node_dim=\dimen147
\l__xeCJK_ccglue_skip=\skip52
\l__xeCJK_ecglue_skip=\skip53
\l__xeCJK_punct_kern_skip=\skip54
\l__xeCJK_last_penalty_int=\count271
\l__xeCJK_last_bound_dim=\dimen148
\l__xeCJK_last_kern_dim=\dimen149
\l__xeCJK_widow_penalty_int=\count272

Package xtemplate Info: Declaring object type 'xeCJK/punctuation' taking 0
(xtemplate)             argument(s) on line 2337.

\l__xeCJK_fixed_punct_width_dim=\dimen150
\l__xeCJK_mixed_punct_width_dim=\dimen151
\l__xeCJK_middle_punct_width_dim=\dimen152
\l__xeCJK_fixed_margin_width_dim=\dimen153
\l__xeCJK_mixed_margin_width_dim=\dimen154
\l__xeCJK_middle_margin_width_dim=\dimen155
\l__xeCJK_bound_punct_width_dim=\dimen156
\l__xeCJK_bound_margin_width_dim=\dimen157
\l__xeCJK_margin_minimum_dim=\dimen158
\l__xeCJK_kerning_total_width_dim=\dimen159
\l__xeCJK_same_align_margin_dim=\dimen160
\l__xeCJK_different_align_margin_dim=\dimen161
\l__xeCJK_kerning_margin_width_dim=\dimen162
\l__xeCJK_kerning_margin_minimum_dim=\dimen163
\l__xeCJK_bound_dim=\dimen164
\l__xeCJK_reverse_bound_dim=\dimen165
\l__xeCJK_margin_dim=\dimen166
\l__xeCJK_minimum_bound_dim=\dimen167
\l__xeCJK_kerning_margin_dim=\dimen168
\g__xeCJK_family_int=\count273
\l__xeCJK_fam_int=\count274
\g__xeCJK_fam_allocation_int=\count275
\l__xeCJK_verb_case_int=\count276
\l__xeCJK_verb_exspace_skip=\skip55
 (c:/Programs/texlive/2022/texmf-dist/tex/latex/fontspec/fontspec.sty
Package: fontspec 2022/01/15 v2.8a Font selection for XeLaTeX and LuaLaTeX

(c:/Programs/texlive/2022/texmf-dist/tex/latex/fontspec/fontspec-xetex.sty
Package: fontspec-xetex 2022/01/15 v2.8a Font selection for XeLaTeX and LuaLaTe
X
\l__fontspec_script_int=\count277
\l__fontspec_language_int=\count278
\l__fontspec_strnum_int=\count279
\l__fontspec_tmp_int=\count280
\l__fontspec_tmpa_int=\count281
\l__fontspec_tmpb_int=\count282
\l__fontspec_tmpc_int=\count283
\l__fontspec_em_int=\count284
\l__fontspec_emdef_int=\count285
\l__fontspec_strong_int=\count286
\l__fontspec_strongdef_int=\count287
\l__fontspec_tmpa_dim=\dimen169
\l__fontspec_tmpb_dim=\dimen170
\l__fontspec_tmpc_dim=\dimen171

(c:/Programs/texlive/2022/texmf-dist/tex/latex/base/fontenc.sty
Package: fontenc 2021/04/29 v2.0v Standard LaTeX package
)
(c:/Programs/texlive/2022/texmf-dist/tex/latex/fontspec/fontspec.cfg)))
(c:/Programs/texlive/2022/texmf-dist/tex/xelatex/xecjk/xeCJK.cfg
File: xeCJK.cfg 2021/12/12 v3.8.8 Configuration file for xeCJK package
))
\ccwd=\dimen172
\l__ctex_ccglue_skip=\skip56
)
\l__ctex_ziju_dim=\dimen173

(c:/Programs/texlive/2022/texmf-dist/tex/latex/zhnumber/zhnumber.sty
Package: zhnumber 2020/05/01 v2.8 Typesetting numbers with Chinese glyphs
\l__zhnum_scale_int=\count288

(c:/Programs/texlive/2022/texmf-dist/tex/latex/zhnumber/zhnumber-utf8.cfg
File: zhnumber-utf8.cfg 2020/05/01 v2.8 Chinese numerals with UTF8 encoding
))
(c:/Programs/texlive/2022/texmf-dist/tex/latex/ctex/scheme/ctex-scheme-chinese.
def
File: ctex-scheme-chinese.def 2021/12/12 v2.5.8 Chinese scheme for generic (CTE
X)

(c:/Programs/texlive/2022/texmf-dist/tex/latex/ctex/config/ctex-name-utf8.cfg
File: ctex-name-utf8.cfg 2021/12/12 v2.5.8 Caption with encoding UTF-8 (CTEX)
)) (c:/Programs/texlive/2022/texmf-dist/tex/latex/tools/indentfirst.sty
Package: indentfirst 1995/11/23 v1.03 Indent first paragraph (DPC)
)
(c:/Programs/texlive/2022/texmf-dist/tex/latex/ctex/ctex-c5size.clo
File: ctex-c5size.clo 2021/12/12 v2.5.8 c5size option (CTEX)
)
(c:/Programs/texlive/2022/texmf-dist/tex/latex/ctex/fontset/ctex-fontset-window
s.def
File: ctex-fontset-windows.def 2021/12/12 v2.5.8 Windows fonts definition (CTEX
)

Package fontspec Info: Could not resolve font "KaiTi/B" (it probably doesn't
(fontspec)             exist).


Package fontspec Info: Could not resolve font "SimHei/I" (it probably doesn't
(fontspec)             exist).


Package fontspec Info: Could not resolve font "SimSun/BI" (it probably doesn't
(fontspec)             exist).


Package fontspec Info: Font family 'SimSun(0)' created for font 'SimSun' with
(fontspec)             options
(fontspec)             [Script={CJK},BoldFont={SimHei},ItalicFont={KaiTi}].
(fontspec)              
(fontspec)              This font family consists of the following NFSS
(fontspec)             series/shapes:
(fontspec)              
(fontspec)             - 'normal' (m/n) with NFSS spec.:
(fontspec)             <->"SimSun/OT:script=hani;language=dflt;"
(fontspec)             - 'small caps'  (m/sc) with NFSS spec.: 
(fontspec)             - 'bold' (b/n) with NFSS spec.:
(fontspec)             <->"SimHei/OT:script=hani;language=dflt;"
(fontspec)             - 'bold small caps'  (b/sc) with NFSS spec.: 
(fontspec)             - 'italic' (m/it) with NFSS spec.:
(fontspec)             <->"KaiTi/OT:script=hani;language=dflt;"
(fontspec)             - 'italic small caps'  (m/scit) with NFSS spec.: 

)) (c:/Programs/texlive/2022/texmf-dist/tex/latex/ctex/config/ctex.cfg
File: ctex.cfg 2021/12/12 v2.5.8 Configuration file (CTEX)
)
(c:/Programs/texlive/2022/texmf-dist/tex/latex/geometry/geometry.sty
Package: geometry 2020/01/02 v5.9 Page Geometry

(c:/Programs/texlive/2022/texmf-dist/tex/latex/graphics/keyval.sty
Package: keyval 2014/10/28 v1.15 key=value parser (DPC)
\KV@toks@=\toks16
)
(c:/Programs/texlive/2022/texmf-dist/tex/generic/iftex/ifvtex.sty
Package: ifvtex 2019/10/25 v1.7 ifvtex legacy package. Use iftex instead.

(c:/Programs/texlive/2022/texmf-dist/tex/generic/iftex/iftex.sty
Package: iftex 2022/02/03 v1.0f TeX engine tests
))
\Gm@cnth=\count289
\Gm@cntv=\count290
\c@Gm@tempcnt=\count291
\Gm@bindingoffset=\dimen174
\Gm@wd@mp=\dimen175
\Gm@odd@mp=\dimen176
\Gm@even@mp=\dimen177
\Gm@layoutwidth=\dimen178
\Gm@layoutheight=\dimen179
\Gm@layouthoffset=\dimen180
\Gm@layoutvoffset=\dimen181
\Gm@dimlist=\toks17
)
(c:/Programs/texlive/2022/texmf-dist/tex/latex/amsmath/amsmath.sty
Package: amsmath 2021/10/15 v2.17l AMS math features
\@mathmargin=\skip57

For additional information on amsmath, use the `?' option.
(c:/Programs/texlive/2022/texmf-dist/tex/latex/amsmath/amstext.sty
Package: amstext 2021/08/26 v2.01 AMS text

(c:/Programs/texlive/2022/texmf-dist/tex/latex/amsmath/amsgen.sty
File: amsgen.sty 1999/11/30 v2.0 generic functions
\@emptytoks=\toks18
\ex@=\dimen182
))
(c:/Programs/texlive/2022/texmf-dist/tex/latex/amsmath/amsbsy.sty
Package: amsbsy 1999/11/29 v1.2d Bold Symbols
\pmbraise@=\dimen183
)
(c:/Programs/texlive/2022/texmf-dist/tex/latex/amsmath/amsopn.sty
Package: amsopn 2021/08/26 v2.02 operator names
)
\inf@bad=\count292
LaTeX Info: Redefining \frac on input line 234.
\uproot@=\count293
\leftroot@=\count294
LaTeX Info: Redefining \overline on input line 399.
\classnum@=\count295
\DOTSCASE@=\count296
LaTeX Info: Redefining \ldots on input line 496.
LaTeX Info: Redefining \dots on input line 499.
LaTeX Info: Redefining \cdots on input line 620.
\Mathstrutbox@=\box53
\strutbox@=\box54
\big@size=\dimen184
LaTeX Font Info:    Redeclaring font encoding OML on input line 743.
LaTeX Font Info:    Redeclaring font encoding OMS on input line 744.
\macc@depth=\count297
\c@MaxMatrixCols=\count298
\dotsspace@=\muskip17
\c@parentequation=\count299
\dspbrk@lvl=\count300
\tag@help=\toks19
\row@=\count301
\column@=\count302
\maxfields@=\count303
\andhelp@=\toks20
\eqnshift@=\dimen185
\alignsep@=\dimen186
\tagshift@=\dimen187
\tagwidth@=\dimen188
\totwidth@=\dimen189
\lineht@=\dimen190
\@envbody=\toks21
\multlinegap=\skip58
\multlinetaggap=\skip59
\mathdisplay@stack=\toks22
LaTeX Info: Redefining \[ on input line 2938.
LaTeX Info: Redefining \] on input line 2939.
)
(c:/Programs/texlive/2022/texmf-dist/tex/latex/amsfonts/amsfonts.sty
Package: amsfonts 2013/01/14 v3.01 Basic AMSFonts support
\symAMSa=\mathgroup4
\symAMSb=\mathgroup5
LaTeX Font Info:    Redeclaring math symbol \hbar on input line 98.
LaTeX Font Info:    Overwriting math alphabet `\mathfrak' in version `bold'
(Font)                  U/euf/m/n --> U/euf/b/n on input line 106.
)
(c:/Programs/texlive/2022/texmf-dist/tex/latex/amscls/amsthm.sty
Package: amsthm 2020/05/29 v2.20.6
\thm@style=\toks23
\thm@bodyfont=\toks24
\thm@headfont=\toks25
\thm@notefont=\toks26
\thm@headpunct=\toks27
\thm@preskip=\skip60
\thm@postskip=\skip61
\thm@headsep=\skip62
\dth@everypar=\toks28
)
(c:/Programs/texlive/2022/texmf-dist/tex/generic/mathdots/mathdots.sty
Package: mathdots 2014/06/11 v0.9 Improve and add various macros for dots in ma
th.
\MDo@unit=\dimen191
\MDo@dotsbox=\box55
\MDoprekern=\muskip18
\MDopostkern=\muskip19
\MDodotkern=\muskip20
)
(c:/Programs/texlive/2022/texmf-dist/tex/latex/hyperref/hyperref.sty
Package: hyperref 2022-02-21 v7.00n Hypertext links for LaTeX

(c:/Programs/texlive/2022/texmf-dist/tex/generic/ltxcmds/ltxcmds.sty
Package: ltxcmds 2020-05-10 v1.25 LaTeX kernel commands for general use (HO)
)
(c:/Programs/texlive/2022/texmf-dist/tex/generic/pdftexcmds/pdftexcmds.sty
Package: pdftexcmds 2020-06-27 v0.33 Utility functions of pdfTeX for LuaTeX (HO
)

(c:/Programs/texlive/2022/texmf-dist/tex/generic/infwarerr/infwarerr.sty
Package: infwarerr 2019/12/03 v1.5 Providing info/warning/error messages (HO)
)
Package pdftexcmds Info: \pdf@primitive is available.
Package pdftexcmds Info: \pdf@ifprimitive is available.
Package pdftexcmds Info: \pdfdraftmode not found.
)
(c:/Programs/texlive/2022/texmf-dist/tex/generic/kvsetkeys/kvsetkeys.sty
Package: kvsetkeys 2019/12/15 v1.18 Key value parser (HO)
)
(c:/Programs/texlive/2022/texmf-dist/tex/generic/kvdefinekeys/kvdefinekeys.sty
Package: kvdefinekeys 2019-12-19 v1.6 Define keys (HO)
) (c:/Programs/texlive/2022/texmf-dist/tex/generic/pdfescape/pdfescape.sty
Package: pdfescape 2019/12/09 v1.15 Implements pdfTeX's escape features (HO)
)
(c:/Programs/texlive/2022/texmf-dist/tex/latex/hycolor/hycolor.sty
Package: hycolor 2020-01-27 v1.10 Color options for hyperref/bookmark (HO)
)
(c:/Programs/texlive/2022/texmf-dist/tex/latex/letltxmacro/letltxmacro.sty
Package: letltxmacro 2019/12/03 v1.6 Let assignment for LaTeX macros (HO)
)
(c:/Programs/texlive/2022/texmf-dist/tex/latex/auxhook/auxhook.sty
Package: auxhook 2019-12-17 v1.6 Hooks for auxiliary files (HO)
)
(c:/Programs/texlive/2022/texmf-dist/tex/latex/kvoptions/kvoptions.sty
Package: kvoptions 2020-10-07 v3.14 Key value format for package options (HO)
)
\@linkdim=\dimen192
\Hy@linkcounter=\count304
\Hy@pagecounter=\count305

(c:/Programs/texlive/2022/texmf-dist/tex/latex/hyperref/pd1enc.def
File: pd1enc.def 2022-02-21 v7.00n Hyperref: PDFDocEncoding definition (HO)
)
(c:/Programs/texlive/2022/texmf-dist/tex/generic/intcalc/intcalc.sty
Package: intcalc 2019/12/15 v1.3 Expandable calculations with integers (HO)
)
(c:/Programs/texlive/2022/texmf-dist/tex/generic/etexcmds/etexcmds.sty
Package: etexcmds 2019/12/15 v1.7 Avoid name clashes with e-TeX commands (HO)
)
\Hy@SavedSpaceFactor=\count306

(c:/Programs/texlive/2022/texmf-dist/tex/latex/hyperref/puenc.def
File: puenc.def 2022-02-21 v7.00n Hyperref: PDF Unicode definition (HO)
)
Package hyperref Info: Option `unicode' set `true' on input line 4018.
Package hyperref Info: Hyper figures OFF on input line 4137.
Package hyperref Info: Link nesting OFF on input line 4142.
Package hyperref Info: Hyper index ON on input line 4145.
Package hyperref Info: Plain pages OFF on input line 4152.
Package hyperref Info: Backreferencing OFF on input line 4157.
Package hyperref Info: Implicit mode ON; LaTeX internals redefined.
Package hyperref Info: Bookmarks ON on input line 4390.
\c@Hy@tempcnt=\count307

(c:/Programs/texlive/2022/texmf-dist/tex/latex/url/url.sty
\Urlmuskip=\muskip21
Package: url 2013/09/16  ver 3.4  Verb mode for urls, etc.
)
LaTeX Info: Redefining \url on input line 4749.
\XeTeXLinkMargin=\dimen193

(c:/Programs/texlive/2022/texmf-dist/tex/generic/bitset/bitset.sty
Package: bitset 2019/12/09 v1.3 Handle bit-vector datatype (HO)

(c:/Programs/texlive/2022/texmf-dist/tex/generic/bigintcalc/bigintcalc.sty
Package: bigintcalc 2019/12/15 v1.5 Expandable calculations on big integers (HO
)
))
\Fld@menulength=\count308
\Field@Width=\dimen194
\Fld@charsize=\dimen195
Package hyperref Info: Hyper figures OFF on input line 6027.
Package hyperref Info: Link nesting OFF on input line 6032.
Package hyperref Info: Hyper index ON on input line 6035.
Package hyperref Info: backreferencing OFF on input line 6042.
Package hyperref Info: Link coloring OFF on input line 6047.
Package hyperref Info: Link coloring with OCG OFF on input line 6052.
Package hyperref Info: PDF/A mode OFF on input line 6057.
LaTeX Info: Redefining \ref on input line 6097.
LaTeX Info: Redefining \pageref on input line 6101.

(c:/Programs/texlive/2022/texmf-dist/tex/latex/base/atbegshi-ltx.sty
Package: atbegshi-ltx 2021/01/10 v1.0c Emulation of the original atbegshi
package with kernel methods
)
\Hy@abspage=\count309
\c@Item=\count310
\c@Hfootnote=\count311
)
Package hyperref Info: Driver (autodetected): hxetex.

(c:/Programs/texlive/2022/texmf-dist/tex/latex/hyperref/hxetex.def
File: hxetex.def 2022-02-21 v7.00n Hyperref driver for XeTeX

(c:/Programs/texlive/2022/texmf-dist/tex/generic/stringenc/stringenc.sty
Package: stringenc 2019/11/29 v1.12 Convert strings between diff. encodings (HO
)
)
\pdfm@box=\box56
\c@Hy@AnnotLevel=\count312
\HyField@AnnotCount=\count313
\Fld@listcount=\count314
\c@bookmark@seq@number=\count315

(c:/Programs/texlive/2022/texmf-dist/tex/latex/rerunfilecheck/rerunfilecheck.st
y
Package: rerunfilecheck 2019/12/05 v1.9 Rerun checks for auxiliary files (HO)
 (c:/Programs/texlive/2022/texmf-dist/tex/latex/base/atveryend-ltx.sty
Package: atveryend-ltx 2020/08/19 v1.0a Emulation of the original atveryend pac
kage
with kernel methods
)
(c:/Programs/texlive/2022/texmf-dist/tex/generic/uniquecounter/uniquecounter.st
y
Package: uniquecounter 2019/12/15 v1.4 Provide unlimited unique counter (HO)
)
Package uniquecounter Info: New unique counter `rerunfilecheck' on input line 2
86.
)
\Hy@SectionHShift=\skip63
) (c:/Programs/texlive/2022/texmf-dist/tex/latex/extarrows/extarrows.sty
Package: extarrows 2020/03/12 v1.2.0 Some extensible arrows
)
(c:/Programs/texlive/2022/texmf-dist/tex/latex/amsfonts/amssymb.sty
Package: amssymb 2013/01/14 v3.01 AMS font symbols
)
(c:/Programs/texlive/2022/texmf-dist/tex/latex/jknapltx/mathrsfs.sty
Package: mathrsfs 1996/01/01 Math RSFS package v1.0 (jk)
\symrsfs=\mathgroup6
)

Package xeCJK Warning: Redefining CJKfamily `\CJKrmdefault' (SimSun(0)).


! Package fontspec Error: The font "FZCKJW.TTF" cannot be found.

For immediate help type H <return>.
 ...                                              
                                                  
l.15 ...infont[BoldFont={FZCKJW.TTF}]{STKAITI.TTF}
                                                  

A font might not be found for many reasons.
 Check the spelling, where the font is installed etc. etc.

 When in doubt, ask someone for help!



! Package fontspec Error: The font "FZCKJW" cannot be found.

For immediate help type H <return>.
 ...                                              
                                                  
l.15 ...infont[BoldFont={FZCKJW.TTF}]{STKAITI.TTF}
                                                  

A font might not be found for many reasons.
 Check the spelling, where the font is installed etc. etc.

 When in doubt, ask someone for help!


! Cannot use \XeTeXOTcountfeatures with nullfont; not an OpenType Layout font.
<argument> \XeTeXOTcountfeatures \l_fontspec_font 
                                                  \l__fontspec_script_int \l...
l.15 ...infont[BoldFont={FZCKJW.TTF}]{STKAITI.TTF}
                                                  

! Cannot use \XeTeXOTfeaturetag with nullfont; not an OpenType Layout font.
<argument> ...\XeTeXOTfeaturetag \l_fontspec_font 
                                                  \l__fontspec_script_int \l...
l.15 ...infont[BoldFont={FZCKJW.TTF}]{STKAITI.TTF}
                                                  

! Missing = inserted for \ifnum.
<to be read again> 
                   \l__fontspec_script_int 
l.15 ...infont[BoldFont={FZCKJW.TTF}]{STKAITI.TTF}
                                                  
I was expecting to see `<', `=', or `>'. Didn't.

! Cannot use \XeTeXOTfeaturetag with nullfont; not an OpenType Layout font.
<argument> ...\XeTeXOTfeaturetag \l_fontspec_font 
                                                  \l__fontspec_script_int \l...
l.15 ...infont[BoldFont={FZCKJW.TTF}]{STKAITI.TTF}
                                                  

! Missing = inserted for \ifnum.
<to be read again> 
                   \l__fontspec_script_int 
l.15 ...infont[BoldFont={FZCKJW.TTF}]{STKAITI.TTF}
                                                  
I was expecting to see `<', `=', or `>'. Didn't.

! Cannot use \XeTeXOTfeaturetag with nullfont; not an OpenType Layout font.
<argument> ...\XeTeXOTfeaturetag \l_fontspec_font 
                                                  \l__fontspec_script_int \l...
l.15 ...infont[BoldFont={FZCKJW.TTF}]{STKAITI.TTF}
                                                  

! Missing = inserted for \ifnum.
<to be read again> 
                   \l__fontspec_script_int 
l.15 ...infont[BoldFont={FZCKJW.TTF}]{STKAITI.TTF}
                                                  
I was expecting to see `<', `=', or `>'. Didn't.

! Cannot use \XeTeXOTfeaturetag with nullfont; not an OpenType Layout font.
<argument> ...\XeTeXOTfeaturetag \l_fontspec_font 
                                                  \l__fontspec_script_int \l...
l.15 ...infont[BoldFont={FZCKJW.TTF}]{STKAITI.TTF}
                                                  

! Missing = inserted for \ifnum.
<to be read again> 
                   \l__fontspec_script_int 
l.15 ...infont[BoldFont={FZCKJW.TTF}]{STKAITI.TTF}
                                                  
I was expecting to see `<', `=', or `>'. Didn't.

! Cannot use \XeTeXOTfeaturetag with nullfont; not an OpenType Layout font.
<argument> ...\XeTeXOTfeaturetag \l_fontspec_font 
                                                  \l__fontspec_script_int \l...
l.15 ...infont[BoldFont={FZCKJW.TTF}]{STKAITI.TTF}
                                                  

! Missing = inserted for \ifnum.
<to be read again> 
                   \l__fontspec_script_int 
l.15 ...infont[BoldFont={FZCKJW.TTF}]{STKAITI.TTF}
                                                  
I was expecting to see `<', `=', or `>'. Didn't.

! Cannot use \XeTeXOTfeaturetag with nullfont; not an OpenType Layout font.
<argument> ...\XeTeXOTfeaturetag \l_fontspec_font 
                                                  \l__fontspec_script_int \l...
l.15 ...infont[BoldFont={FZCKJW.TTF}]{STKAITI.TTF}
                                                  

! Missing = inserted for \ifnum.
<to be read again> 
                   \l__fontspec_script_int 
l.15 ...infont[BoldFont={FZCKJW.TTF}]{STKAITI.TTF}
                                                  
I was expecting to see `<', `=', or `>'. Didn't.

! Cannot use \XeTeXOTfeaturetag with nullfont; not an OpenType Layout font.
<argument> ...\XeTeXOTfeaturetag \l_fontspec_font 
                                                  \l__fontspec_script_int \l...
l.15 ...infont[BoldFont={FZCKJW.TTF}]{STKAITI.TTF}
                                                  

! Missing = inserted for \ifnum.
<to be read again> 
                   \l__fontspec_script_int 
l.15 ...infont[BoldFont={FZCKJW.TTF}]{STKAITI.TTF}
                                                  
I was expecting to see `<', `=', or `>'. Didn't.

! Cannot use \XeTeXOTfeaturetag with nullfont; not an OpenType Layout font.
<argument> ...\XeTeXOTfeaturetag \l_fontspec_font 
                                                  \l__fontspec_script_int \l...
l.15 ...infont[BoldFont={FZCKJW.TTF}]{STKAITI.TTF}
                                                  

! Missing = inserted for \ifnum.
<to be read again> 
                   \l__fontspec_script_int 
l.15 ...infont[BoldFont={FZCKJW.TTF}]{STKAITI.TTF}
                                                  
I was expecting to see `<', `=', or `>'. Didn't.

! Cannot use \XeTeXOTfeaturetag with nullfont; not an OpenType Layout font.
<argument> ...\XeTeXOTfeaturetag \l_fontspec_font 
                                                  \l__fontspec_script_int \l...
l.15 ...infont[BoldFont={FZCKJW.TTF}]{STKAITI.TTF}
                                                  

! Missing = inserted for \ifnum.
<to be read again> 
                   \l__fontspec_script_int 
l.15 ...infont[BoldFont={FZCKJW.TTF}]{STKAITI.TTF}
                                                  
I was expecting to see `<', `=', or `>'. Didn't.

! Cannot use \XeTeXOTfeaturetag with nullfont; not an OpenType Layout font.
<argument> ...\XeTeXOTfeaturetag \l_fontspec_font 
                                                  \l__fontspec_script_int \l...
l.15 ...infont[BoldFont={FZCKJW.TTF}]{STKAITI.TTF}
                                                  

! Missing = inserted for \ifnum.
<to be read again> 
                   \l__fontspec_script_int 
l.15 ...infont[BoldFont={FZCKJW.TTF}]{STKAITI.TTF}
                                                  
I was expecting to see `<', `=', or `>'. Didn't.

! Cannot use \XeTeXOTfeaturetag with nullfont; not an OpenType Layout font.
<argument> ...\XeTeXOTfeaturetag \l_fontspec_font 
                                                  \l__fontspec_script_int \l...
l.15 ...infont[BoldFont={FZCKJW.TTF}]{STKAITI.TTF}
                                                  

! Missing = inserted for \ifnum.
<to be read again> 
                   \l__fontspec_script_int 
l.15 ...infont[BoldFont={FZCKJW.TTF}]{STKAITI.TTF}
                                                  
I was expecting to see `<', `=', or `>'. Didn't.

! Cannot use \XeTeXOTfeaturetag with nullfont; not an OpenType Layout font.
<argument> ...\XeTeXOTfeaturetag \l_fontspec_font 
                                                  \l__fontspec_script_int \l...
l.15 ...infont[BoldFont={FZCKJW.TTF}]{STKAITI.TTF}
                                                  

! Missing = inserted for \ifnum.
<to be read again> 
                   \l__fontspec_script_int 
l.15 ...infont[BoldFont={FZCKJW.TTF}]{STKAITI.TTF}
                                                  
I was expecting to see `<', `=', or `>'. Didn't.

! Cannot use \XeTeXOTfeaturetag with nullfont; not an OpenType Layout font.
<argument> ...\XeTeXOTfeaturetag \l_fontspec_font 
                                                  \l__fontspec_script_int \l...
l.15 ...infont[BoldFont={FZCKJW.TTF}]{STKAITI.TTF}
                                                  

! Missing = inserted for \ifnum.
<to be read again> 
                   \l__fontspec_script_int 
l.15 ...infont[BoldFont={FZCKJW.TTF}]{STKAITI.TTF}
                                                  
I was expecting to see `<', `=', or `>'. Didn't.

! Cannot use \XeTeXOTfeaturetag with nullfont; not an OpenType Layout font.
<argument> ...\XeTeXOTfeaturetag \l_fontspec_font 
                                                  \l__fontspec_script_int \l...
l.15 ...infont[BoldFont={FZCKJW.TTF}]{STKAITI.TTF}
                                                  

! Missing = inserted for \ifnum.
<to be read again> 
                   \l__fontspec_script_int 
l.15 ...infont[BoldFont={FZCKJW.TTF}]{STKAITI.TTF}
                                                  
I was expecting to see `<', `=', or `>'. Didn't.

! Cannot use \XeTeXOTfeaturetag with nullfont; not an OpenType Layout font.
<argument> ...\XeTeXOTfeaturetag \l_fontspec_font 
                                                  \l__fontspec_script_int \l...
l.15 ...infont[BoldFont={FZCKJW.TTF}]{STKAITI.TTF}
                                                  

! Missing = inserted for \ifnum.
<to be read again> 
                   \l__fontspec_script_int 
l.15 ...infont[BoldFont={FZCKJW.TTF}]{STKAITI.TTF}
                                                  
I was expecting to see `<', `=', or `>'. Didn't.

! Cannot use \XeTeXOTfeaturetag with nullfont; not an OpenType Layout font.
<argument> ...\XeTeXOTfeaturetag \l_fontspec_font 
                                                  \l__fontspec_script_int \l...
l.15 ...infont[BoldFont={FZCKJW.TTF}]{STKAITI.TTF}
                                                  

! Missing = inserted for \ifnum.
<to be read again> 
                   \l__fontspec_script_int 
l.15 ...infont[BoldFont={FZCKJW.TTF}]{STKAITI.TTF}
                                                  
I was expecting to see `<', `=', or `>'. Didn't.

! Cannot use \XeTeXOTfeaturetag with nullfont; not an OpenType Layout font.
<argument> ...\XeTeXOTfeaturetag \l_fontspec_font 
                                                  \l__fontspec_script_int \l...
l.15 ...infont[BoldFont={FZCKJW.TTF}]{STKAITI.TTF}
                                                  

! Missing = inserted for \ifnum.
<to be read again> 
                   \l__fontspec_script_int 
l.15 ...infont[BoldFont={FZCKJW.TTF}]{STKAITI.TTF}
                                                  
I was expecting to see `<', `=', or `>'. Didn't.

! Cannot use \XeTeXOTfeaturetag with nullfont; not an OpenType Layout font.
<argument> ...\XeTeXOTfeaturetag \l_fontspec_font 
                                                  \l__fontspec_script_int \l...
l.15 ...infont[BoldFont={FZCKJW.TTF}]{STKAITI.TTF}
                                                  

! Missing = inserted for \ifnum.
<to be read again> 
                   \l__fontspec_script_int 
l.15 ...infont[BoldFont={FZCKJW.TTF}]{STKAITI.TTF}
                                                  
I was expecting to see `<', `=', or `>'. Didn't.

! Cannot use \XeTeXOTfeaturetag with nullfont; not an OpenType Layout font.
<argument> ...\XeTeXOTfeaturetag \l_fontspec_font 
                                                  \l__fontspec_script_int \l...
l.15 ...infont[BoldFont={FZCKJW.TTF}]{STKAITI.TTF}
                                                  

! Missing = inserted for \ifnum.
<to be read again> 
                   \l__fontspec_script_int 
l.15 ...infont[BoldFont={FZCKJW.TTF}]{STKAITI.TTF}
                                                  
I was expecting to see `<', `=', or `>'. Didn't.

! Cannot use \XeTeXOTfeaturetag with nullfont; not an OpenType Layout font.
<argument> ...\XeTeXOTfeaturetag \l_fontspec_font 
                                                  \l__fontspec_script_int \l...
l.15 ...infont[BoldFont={FZCKJW.TTF}]{STKAITI.TTF}
                                                  

! Missing = inserted for \ifnum.
<to be read again> 
                   \l__fontspec_script_int 
l.15 ...infont[BoldFont={FZCKJW.TTF}]{STKAITI.TTF}
                                                  
I was expecting to see `<', `=', or `>'. Didn't.

! Cannot use \XeTeXOTfeaturetag with nullfont; not an OpenType Layout font.
<argument> ...\XeTeXOTfeaturetag \l_fontspec_font 
                                                  \l__fontspec_script_int \l...
l.15 ...infont[BoldFont={FZCKJW.TTF}]{STKAITI.TTF}
                                                  

! Missing = inserted for \ifnum.
<to be read again> 
                   \l__fontspec_script_int 
l.15 ...infont[BoldFont={FZCKJW.TTF}]{STKAITI.TTF}
                                                  
I was expecting to see `<', `=', or `>'. Didn't.

! Cannot use \XeTeXOTfeaturetag with nullfont; not an OpenType Layout font.
<argument> ...\XeTeXOTfeaturetag \l_fontspec_font 
                                                  \l__fontspec_script_int \l...
l.15 ...infont[BoldFont={FZCKJW.TTF}]{STKAITI.TTF}
                                                  

! Missing = inserted for \ifnum.
<to be read again> 
                   \l__fontspec_script_int 
l.15 ...infont[BoldFont={FZCKJW.TTF}]{STKAITI.TTF}
                                                  
I was expecting to see `<', `=', or `>'. Didn't.

! Cannot use \XeTeXOTfeaturetag with nullfont; not an OpenType Layout font.
<argument> ...\XeTeXOTfeaturetag \l_fontspec_font 
                                                  \l__fontspec_script_int \l...
l.15 ...infont[BoldFont={FZCKJW.TTF}]{STKAITI.TTF}
                                                  

! Missing = inserted for \ifnum.
<to be read again> 
                   \l__fontspec_script_int 
l.15 ...infont[BoldFont={FZCKJW.TTF}]{STKAITI.TTF}
                                                  
I was expecting to see `<', `=', or `>'. Didn't.

! Cannot use \XeTeXOTfeaturetag with nullfont; not an OpenType Layout font.
<argument> ...\XeTeXOTfeaturetag \l_fontspec_font 
                                                  \l__fontspec_script_int \l...
l.15 ...infont[BoldFont={FZCKJW.TTF}]{STKAITI.TTF}
                                                  

! Missing = inserted for \ifnum.
<to be read again> 
                   \l__fontspec_script_int 
l.15 ...infont[BoldFont={FZCKJW.TTF}]{STKAITI.TTF}
                                                  
I was expecting to see `<', `=', or `>'. Didn't.

! Cannot use \XeTeXOTfeaturetag with nullfont; not an OpenType Layout font.
<argument> ...\XeTeXOTfeaturetag \l_fontspec_font 
                                                  \l__fontspec_script_int \l...
l.15 ...infont[BoldFont={FZCKJW.TTF}]{STKAITI.TTF}
                                                  

! Missing = inserted for \ifnum.
<to be read again> 
                   \l__fontspec_script_int 
l.15 ...infont[BoldFont={FZCKJW.TTF}]{STKAITI.TTF}
                                                  
I was expecting to see `<', `=', or `>'. Didn't.

! Cannot use \XeTeXOTfeaturetag with nullfont; not an OpenType Layout font.
<argument> ...\XeTeXOTfeaturetag \l_fontspec_font 
                                                  \l__fontspec_script_int \l...
l.15 ...infont[BoldFont={FZCKJW.TTF}]{STKAITI.TTF}
                                                  

! Missing = inserted for \ifnum.
<to be read again> 
                   \l__fontspec_script_int 
l.15 ...infont[BoldFont={FZCKJW.TTF}]{STKAITI.TTF}
                                                  
I was expecting to see `<', `=', or `>'. Didn't.

! Cannot use \XeTeXOTfeaturetag with nullfont; not an OpenType Layout font.
<argument> ...\XeTeXOTfeaturetag \l_fontspec_font 
                                                  \l__fontspec_script_int \l...
l.15 ...infont[BoldFont={FZCKJW.TTF}]{STKAITI.TTF}
                                                  

! Missing = inserted for \ifnum.
<to be read again> 
                   \l__fontspec_script_int 
l.15 ...infont[BoldFont={FZCKJW.TTF}]{STKAITI.TTF}
                                                  
I was expecting to see `<', `=', or `>'. Didn't.

! Cannot use \XeTeXOTfeaturetag with nullfont; not an OpenType Layout font.
<argument> ...\XeTeXOTfeaturetag \l_fontspec_font 
                                                  \l__fontspec_script_int \l...
l.15 ...infont[BoldFont={FZCKJW.TTF}]{STKAITI.TTF}
                                                  

! Missing = inserted for \ifnum.
<to be read again> 
                   \l__fontspec_script_int 
l.15 ...infont[BoldFont={FZCKJW.TTF}]{STKAITI.TTF}
                                                  
I was expecting to see `<', `=', or `>'. Didn't.

! Cannot use \XeTeXOTfeaturetag with nullfont; not an OpenType Layout font.
<argument> ...\XeTeXOTfeaturetag \l_fontspec_font 
                                                  \l__fontspec_script_int \l...
l.15 ...infont[BoldFont={FZCKJW.TTF}]{STKAITI.TTF}
                                                  

! Missing = inserted for \ifnum.
<to be read again> 
                   \l__fontspec_script_int 
l.15 ...infont[BoldFont={FZCKJW.TTF}]{STKAITI.TTF}
                                                  
I was expecting to see `<', `=', or `>'. Didn't.

! Cannot use \XeTeXOTfeaturetag with nullfont; not an OpenType Layout font.
<argument> ...\XeTeXOTfeaturetag \l_fontspec_font 
                                                  \l__fontspec_script_int \l...
l.15 ...infont[BoldFont={FZCKJW.TTF}]{STKAITI.TTF}
                                                  

! Missing = inserted for \ifnum.
<to be read again> 
                   \l__fontspec_script_int 
l.15 ...infont[BoldFont={FZCKJW.TTF}]{STKAITI.TTF}
                                                  
I was expecting to see `<', `=', or `>'. Didn't.

! Cannot use \XeTeXOTfeaturetag with nullfont; not an OpenType Layout font.
<argument> ...\XeTeXOTfeaturetag \l_fontspec_font 
                                                  \l__fontspec_script_int \l...
l.15 ...infont[BoldFont={FZCKJW.TTF}]{STKAITI.TTF}
                                                  

! Missing = inserted for \ifnum.
<to be read again> 
                   \l__fontspec_script_int 
l.15 ...infont[BoldFont={FZCKJW.TTF}]{STKAITI.TTF}
                                                  
I was expecting to see `<', `=', or `>'. Didn't.

! Cannot use \XeTeXOTfeaturetag with nullfont; not an OpenType Layout font.
<argument> ...\XeTeXOTfeaturetag \l_fontspec_font 
                                                  \l__fontspec_script_int \l...
l.15 ...infont[BoldFont={FZCKJW.TTF}]{STKAITI.TTF}
                                                  

! Missing = inserted for \ifnum.
<to be read again> 
                   \l__fontspec_script_int 
l.15 ...infont[BoldFont={FZCKJW.TTF}]{STKAITI.TTF}
                                                  
I was expecting to see `<', `=', or `>'. Didn't.

! Cannot use \XeTeXOTfeaturetag with nullfont; not an OpenType Layout font.
<argument> ...\XeTeXOTfeaturetag \l_fontspec_font 
                                                  \l__fontspec_script_int \l...
l.15 ...infont[BoldFont={FZCKJW.TTF}]{STKAITI.TTF}
                                                  

! Missing = inserted for \ifnum.
<to be read again> 
                   \l__fontspec_script_int 
l.15 ...infont[BoldFont={FZCKJW.TTF}]{STKAITI.TTF}
                                                  
I was expecting to see `<', `=', or `>'. Didn't.

! Cannot use \XeTeXOTfeaturetag with nullfont; not an OpenType Layout font.
<argument> ...\XeTeXOTfeaturetag \l_fontspec_font 
                                                  \l__fontspec_script_int \l...
l.15 ...infont[BoldFont={FZCKJW.TTF}]{STKAITI.TTF}
                                                  

! Missing = inserted for \ifnum.
<to be read again> 
                   \l__fontspec_script_int 
l.15 ...infont[BoldFont={FZCKJW.TTF}]{STKAITI.TTF}
                                                  
I was expecting to see `<', `=', or `>'. Didn't.

! Cannot use \XeTeXOTfeaturetag with nullfont; not an OpenType Layout font.
<argument> ...\XeTeXOTfeaturetag \l_fontspec_font 
                                                  \l__fontspec_script_int \l...
l.15 ...infont[BoldFont={FZCKJW.TTF}]{STKAITI.TTF}
                                                  

! Missing = inserted for \ifnum.
<to be read again> 
                   \l__fontspec_script_int 
l.15 ...infont[BoldFont={FZCKJW.TTF}]{STKAITI.TTF}
                                                  
I was expecting to see `<', `=', or `>'. Didn't.

! Cannot use \XeTeXOTfeaturetag with nullfont; not an OpenType Layout font.
<argument> ...\XeTeXOTfeaturetag \l_fontspec_font 
                                                  \l__fontspec_script_int \l...
l.15 ...infont[BoldFont={FZCKJW.TTF}]{STKAITI.TTF}
                                                  

! Missing = inserted for \ifnum.
<to be read again> 
                   \l__fontspec_script_int 
l.15 ...infont[BoldFont={FZCKJW.TTF}]{STKAITI.TTF}
                                                  
I was expecting to see `<', `=', or `>'. Didn't.

! Cannot use \XeTeXOTfeaturetag with nullfont; not an OpenType Layout font.
<argument> ...\XeTeXOTfeaturetag \l_fontspec_font 
                                                  \l__fontspec_script_int \l...
l.15 ...infont[BoldFont={FZCKJW.TTF}]{STKAITI.TTF}
                                                  

! Missing = inserted for \ifnum.
<to be read again> 
                   \l__fontspec_script_int 
l.15 ...infont[BoldFont={FZCKJW.TTF}]{STKAITI.TTF}
                                                  
I was expecting to see `<', `=', or `>'. Didn't.

! Cannot use \XeTeXOTfeaturetag with nullfont; not an OpenType Layout font.
<argument> ...\XeTeXOTfeaturetag \l_fontspec_font 
                                                  \l__fontspec_script_int \l...
l.15 ...infont[BoldFont={FZCKJW.TTF}]{STKAITI.TTF}
                                                  

! Missing = inserted for \ifnum.
<to be read again> 
                   \l__fontspec_script_int 
l.15 ...infont[BoldFont={FZCKJW.TTF}]{STKAITI.TTF}
                                                  
I was expecting to see `<', `=', or `>'. Didn't.

! Cannot use \XeTeXOTfeaturetag with nullfont; not an OpenType Layout font.
<argument> ...\XeTeXOTfeaturetag \l_fontspec_font 
                                                  \l__fontspec_script_int \l...
l.15 ...infont[BoldFont={FZCKJW.TTF}]{STKAITI.TTF}
                                                  

! Missing = inserted for \ifnum.
<to be read again> 
                   \l__fontspec_script_int 
l.15 ...infont[BoldFont={FZCKJW.TTF}]{STKAITI.TTF}
                                                  
I was expecting to see `<', `=', or `>'. Didn't.

! Cannot use \XeTeXOTfeaturetag with nullfont; not an OpenType Layout font.
<argument> ...\XeTeXOTfeaturetag \l_fontspec_font 
                                                  \l__fontspec_script_int \l...
l.15 ...infont[BoldFont={FZCKJW.TTF}]{STKAITI.TTF}
                                                  

! Missing = inserted for \ifnum.
<to be read again> 
                   \l__fontspec_script_int 
l.15 ...infont[BoldFont={FZCKJW.TTF}]{STKAITI.TTF}
                                                  
I was expecting to see `<', `=', or `>'. Didn't.

! Cannot use \XeTeXOTfeaturetag with nullfont; not an OpenType Layout font.
<argument> ...\XeTeXOTfeaturetag \l_fontspec_font 
                                                  \l__fontspec_script_int \l...
l.15 ...infont[BoldFont={FZCKJW.TTF}]{STKAITI.TTF}
                                                  

! Missing = inserted for \ifnum.
<to be read again> 
                   \l__fontspec_script_int 
l.15 ...infont[BoldFont={FZCKJW.TTF}]{STKAITI.TTF}
                                                  
I was expecting to see `<', `=', or `>'. Didn't.

! Cannot use \XeTeXOTfeaturetag with nullfont; not an OpenType Layout font.
<argument> ...\XeTeXOTfeaturetag \l_fontspec_font 
                                                  \l__fontspec_script_int \l...
l.15 ...infont[BoldFont={FZCKJW.TTF}]{STKAITI.TTF}
                                                  

! Missing = inserted for \ifnum.
<to be read again> 
                   \l__fontspec_script_int 
l.15 ...infont[BoldFont={FZCKJW.TTF}]{STKAITI.TTF}
                                                  
I was expecting to see `<', `=', or `>'. Didn't.

! Cannot use \XeTeXOTfeaturetag with nullfont; not an OpenType Layout font.
<argument> ...\XeTeXOTfeaturetag \l_fontspec_font 
                                                  \l__fontspec_script_int \l...
l.15 ...infont[BoldFont={FZCKJW.TTF}]{STKAITI.TTF}
                                                  

! Missing = inserted for \ifnum.
<to be read again> 
                   \l__fontspec_script_int 
l.15 ...infont[BoldFont={FZCKJW.TTF}]{STKAITI.TTF}
                                                  
I was expecting to see `<', `=', or `>'. Didn't.

! Cannot use \XeTeXOTfeaturetag with nullfont; not an OpenType Layout font.
<argument> ...\XeTeXOTfeaturetag \l_fontspec_font 
                                                  \l__fontspec_script_int \l...
l.15 ...infont[BoldFont={FZCKJW.TTF}]{STKAITI.TTF}
                                                  

! Missing = inserted for \ifnum.
<to be read again> 
                   \l__fontspec_script_int 
l.15 ...infont[BoldFont={FZCKJW.TTF}]{STKAITI.TTF}
                                                  
I was expecting to see `<', `=', or `>'. Didn't.

! Cannot use \XeTeXOTfeaturetag with nullfont; not an OpenType Layout font.
<argument> ...\XeTeXOTfeaturetag \l_fontspec_font 
                                                  \l__fontspec_script_int \l...
l.15 ...infont[BoldFont={FZCKJW.TTF}]{STKAITI.TTF}
                                                  

! Missing = inserted for \ifnum.
<to be read again> 
                   \l__fontspec_script_int 
l.15 ...infont[BoldFont={FZCKJW.TTF}]{STKAITI.TTF}
                                                  
I was expecting to see `<', `=', or `>'. Didn't.

! Cannot use \XeTeXOTfeaturetag with nullfont; not an OpenType Layout font.
<argument> ...\XeTeXOTfeaturetag \l_fontspec_font 
                                                  \l__fontspec_script_int \l...
l.15 ...infont[BoldFont={FZCKJW.TTF}]{STKAITI.TTF}
                                                  

! Missing = inserted for \ifnum.
<to be read again> 
                   \l__fontspec_script_int 
l.15 ...infont[BoldFont={FZCKJW.TTF}]{STKAITI.TTF}
                                                  
I was expecting to see `<', `=', or `>'. Didn't.

! Cannot use \XeTeXOTfeaturetag with nullfont; not an OpenType Layout font.
<argument> ...\XeTeXOTfeaturetag \l_fontspec_font 
                                                  \l__fontspec_script_int \l...
l.15 ...infont[BoldFont={FZCKJW.TTF}]{STKAITI.TTF}
                                                  

! Missing = inserted for \ifnum.
<to be read again> 
                   \l__fontspec_script_int 
l.15 ...infont[BoldFont={FZCKJW.TTF}]{STKAITI.TTF}
                                                  
I was expecting to see `<', `=', or `>'. Didn't.

! Cannot use \XeTeXOTfeaturetag with nullfont; not an OpenType Layout font.
<argument> ...\XeTeXOTfeaturetag \l_fontspec_font 
                                                  \l__fontspec_script_int \l...
l.15 ...infont[BoldFont={FZCKJW.TTF}]{STKAITI.TTF}
                                                  

! Missing = inserted for \ifnum.
<to be read again> 
                   \l__fontspec_script_int 
l.15 ...infont[BoldFont={FZCKJW.TTF}]{STKAITI.TTF}
                                                  
I was expecting to see `<', `=', or `>'. Didn't.

! Cannot use \XeTeXOTfeaturetag with nullfont; not an OpenType Layout font.
<argument> ...\XeTeXOTfeaturetag \l_fontspec_font 
                                                  \l__fontspec_script_int \l...
l.15 ...infont[BoldFont={FZCKJW.TTF}]{STKAITI.TTF}
                                                  
(That makes 100 errors; please try again.) 
Here is how much of TeX's memory you used:
 14424 strings out of 476179
 307466 string characters out of 5809102
 632410 words of memory out of 5000000
 35006 multiletter control sequences out of 15000+600000
 471389 words of font info for 47 fonts, out of 8000000 for 9000
 1348 hyphenation exceptions out of 8191
 89i,0n,97p,368b,275s stack positions out of 10000i,1000n,20000p,200000b,200000s

No pages of output.
