mktextfm kaiti/OT
mktextfm kaiti/OT
mktextfm cukai/OT
mktextfm cukai/I/OT
mktextfm kaiti/OT
mktextfm kaiti/BI/OT
mktextfm kaiti/OT
mktextfm kaiti/I/OT
mktextfm kaiti/OT
mktextfm kaiti/OT
mktextfm cukai/OT
mktextfm cukai/OT
mktextfm cukai/OT
mktextfm cukai/OT
mktextfm cukai/OT
mktextfm cukai/OT
mktextfm cukai/OT
mktextfm kaishu/OT
mktextfm kaishu/OT
mktextfm cukai/OT
mktextfm cukai/I/OT
mktextfm kaishu/OT
mktextfm kaishu/BI/OT
mktextfm kaishu/OT
mktextfm kaishu/I/OT
mktextfm kaishu/OT
mktextfm kaishu/OT
mktextfm cukai/OT
mktextfm cukai/OT
mktextfm cukai/OT
mktextfm cukai/OT
mktextfm cukai/OT
mktextfm cukai/OT
mktextfm cukai/OT
mktextfm kaishu/OT
mktextfm kaishu/OT
mktextfm cukai/OT
mktextfm cukai/I/OT
mktextfm kaishu/OT
mktextfm kaishu/BI/OT
mktextfm kaishu/OT
mktextfm kaishu/I/OT
mktextfm kaishu/OT
mktextfm kaishu/OT
mktextfm cukai/OT
mktextfm cukai/OT
mktextfm cukai/OT
mktextfm cukai/OT
mktextfm cukai/OT
mktextfm cukai/OT
mktextfm cukai/OT
mktextfm kaishu/OT
mktextfm kaishu/OT
mktextfm cukai/OT
mktextfm cukai/I/OT
mktextfm kaishu/OT
mktextfm kaishu/BI/OT
mktextfm kaishu/OT
mktextfm kaishu/I/OT
mktextfm kaishu/OT
mktextfm kaishu/OT
mktextfm cukai/OT
mktextfm cukai/OT
mktextfm cukai/OT
mktextfm cukai/OT
mktextfm cukai/OT
mktextfm cukai/OT
mktextfm cukai/OT
mktextfm kaishu/OT
mktextfm kaishu/OT
mktextfm cukai/OT
mktextfm cukai/I/OT
mktextfm kaishu/OT
mktextfm kaishu/BI/OT
mktextfm kaishu/OT
mktextfm kaishu/I/OT
mktextfm kaishu/OT
mktextfm kaishu/OT
mktextfm cukai/OT
mktextfm cukai/OT
mktextfm cukai/OT
mktextfm cukai/OT
mktextfm cukai/OT
mktextfm cukai/OT
mktextfm cukai/OT
mktextfm kaishu/OT
mktextfm kaishu/OT
mktextfm 
mktextfm kaishu/OT
mktextfm kaishu/OT
mktextfm 
mktextfm kaishu/OT
mktextfm kaishu/OT
mktextfm FZCKJW.TTF/OT
mktextfm FZCKJW.TTF/I/OT
mktextfm kaishu/OT
mktextfm kaishu/BI/OT
mktextfm kaishu/OT
mktextfm kaishu/I/OT
mktextfm kaishu/OT
mktextfm kaishu/OT
mktextfm FZCKJW.TTF/OT
mktextfm FZCKJW.TTF/OT
mktextfm FZCKJW.TTF/OT
mktextfm FZCKJW.TTF/OT
mktextfm FZCKJW.TTF/OT
mktextfm FZCKJW.TTF/OT
mktextfm FZCKJW.TTF/OT
